d:\dx12_training\dx12lib\x64\debug\dx12lib.pch
d:\dx12_training\dx12lib\x64\debug\vc143.pdb
d:\dx12_training\dx12lib\x64\debug\vc143.idb
d:\dx12_training\dx12lib\x64\debug\stdafx.obj
d:\dx12_training\dx12lib\x64\debug\mesh.obj
d:\dx12_training\dx12lib\x64\debug\allocatorpool.obj
d:\dx12_training\dx12lib\x64\debug\object.obj
d:\dx12_training\dx12lib\x64\debug\rendercubeexample.obj
d:\dx12_training\dx12lib\x64\debug\fencepool.obj
d:\dx12_training\dx12lib\x64\debug\textureloaderdds.obj
d:\dx12_training\dx12lib\x64\debug\helpers.obj
d:\dx12_training\dx12lib\x64\debug\iscenenode.obj
d:\dx12_training\dx12lib\x64\debug\scenenode.obj
d:\dx12_training\dx12lib\x64\debug\ivolume.obj
d:\dx12_training\dx12lib\x64\debug\resource.obj
d:\dx12_training\dx12lib\x64\debug\logger.obj
d:\dx12_training\dx12lib\x64\debug\model.obj
d:\dx12_training\dx12lib\x64\debug\igame.obj
d:\dx12_training\dx12lib\x64\debug\textureparser.obj
d:\dx12_training\dx12lib\x64\debug\poissondiskdistribution.obj
d:\dx12_training\dx12lib\x64\debug\highresolutionclock.obj
d:\dx12_training\dx12lib\x64\debug\volume.obj
d:\dx12_training\dx12lib\x64\debug\camera.obj
d:\dx12_training\dx12lib\x64\debug\taskgpu.obj
d:\dx12_training\dx12lib\x64\debug\main.obj
d:\dx12_training\dx12lib\x64\debug\executor.obj
d:\dx12_training\dx12lib\x64\debug\scene.obj
d:\dx12_training\dx12lib\x64\debug\iobject.obj
d:\dx12_training\dx12lib\x64\debug\resourcedescription.obj
d:\dx12_training\dx12lib\x64\debug\pipelinesettings.obj
d:\dx12_training\dx12lib\x64\debug\fence.obj
d:\dx12_training\dx12lib\x64\debug\uploadbuffer.obj
d:\dx12_training\dx12lib\x64\debug\irenderwindow.obj
d:\dx12_training\dx12lib\x64\debug\renderwindow.obj
d:\dx12_training\dx12lib\x64\debug\frame.obj
d:\dx12_training\dx12lib\x64\debug\application.obj
d:\dx12_training\x64\debug\compute.cso
d:\dx12_training\x64\debug\trianglepixelshader.cso
d:\dx12_training\x64\debug\trianglevertexshader.cso
d:\dx12_training\dx12lib\x64\debug\dx12lib.ilk
d:\dx12_training\x64\debug\dx12lib.exe
d:\dx12_training\x64\debug\dx12lib.pdb
d:\dx12_training\dx12lib\x64\debug\dx12lib.tlog\cl.command.1.tlog
d:\dx12_training\dx12lib\x64\debug\dx12lib.tlog\cl.items.tlog
d:\dx12_training\dx12lib\x64\debug\dx12lib.tlog\cl.read.1.tlog
d:\dx12_training\dx12lib\x64\debug\dx12lib.tlog\cl.write.1.tlog
d:\dx12_training\dx12lib\x64\debug\dx12lib.tlog\dxc.command.1.tlog
d:\dx12_training\dx12lib\x64\debug\dx12lib.tlog\dxc.read.1.tlog
d:\dx12_training\dx12lib\x64\debug\dx12lib.tlog\dxc.write.1.tlog
d:\dx12_training\dx12lib\x64\debug\dx12lib.tlog\link.command.1.tlog
d:\dx12_training\dx12lib\x64\debug\dx12lib.tlog\link.read.1.tlog
d:\dx12_training\dx12lib\x64\debug\dx12lib.tlog\link.write.1.tlog
