C:\Program Files\Microsoft Visual Studio\2022\Community\MSBuild\Microsoft\VC\v170\Microsoft.CppBuild.targets(531,5): warning MSB8028: The intermediate directory (x64\Debug\) contains files shared from another project (DX_Training.vcxproj).  This can lead to incorrect clean and rebuild behavior.
FXC : warning : no output provided for debug - embedding PDB in shader container.  Use -Qembed_debug to silence this warning.
  
FXC : warning : no output provided for debug - embedding PDB in shader container.  Use -Qembed_debug to silence this warning.
Shaders\TrianglePixelShader.hlsl(29,12): warning G089EA9BC: implicit truncation of vector type [-Wconversion]
      float3 ambient = Ambient.Down + up * Ambient.Up;
             ^
  
  stdafx.cpp
  Mesh.cpp
  FencePool.cpp
  Fence.cpp
  AllocatorPool.cpp
  Executor.cpp
  Frame.cpp
  IVolume.cpp
  IObject.cpp
  Model.cpp
  Camera.cpp
  IGame.cpp
  Resource.cpp
  ResourceDescription.cpp
D:\DX12_Training\DX_Training\Objects\Camera.cpp(40): warning C4172: returning address of local variable or temporary
  UploadBuffer.cpp
  TaskGPU.cpp
  Scene.cpp
  SceneNode.cpp
D:\DX12_Training\DX_Training\Render\ResourceDescription.cpp(197,25): warning C4244: 'initializing': conversion from 'UINT64' to 'unsigned int', possible loss of data
  (compiling source file '/Render/ResourceDescription.cpp')
  
D:\DX12_Training\DX_Training\Render\ResourceDescription.cpp(202,26): warning C4244: 'initializing': conversion from 'UINT64' to 'unsigned int', possible loss of data
  (compiling source file '/Render/ResourceDescription.cpp')
  
D:\DX12_Training\DX_Training\Render\ResourceDescription.cpp(212,16): warning C4244: '*=': conversion from 'UINT64' to 'unsigned int', possible loss of data
  (compiling source file '/Render/ResourceDescription.cpp')
  
  TextureLoaderDDS.cpp
  TextureParser.cpp
  PipelineSettings.cpp
  Object.cpp
D:\DX12_Training\DX_Training\Model.cpp(33,27): warning C4101: 'vertex': unreferenced local variable
  (compiling source file '/Model.cpp')
  
D:\DX12_Training\DX_Training\TextureLoaderDDS.cpp(505,31): warning C4267: 'initializing': conversion from 'size_t' to 'unsigned int', possible loss of data
  (compiling source file '/TextureLoaderDDS.cpp')
  
  PoissonDiskDistribution.cpp
  Logger.cpp
  RenderCubeExample.cpp
  Helpers.cpp
D:\DX12_Training\DX_Training\Model.cpp(136,19): warning C4101: 'fPad': unreferenced local variable
  (compiling source file '/Model.cpp')
  
  IRenderWindow.cpp
  Main.cpp
  RenderWindow.cpp
  Application.cpp
  HighResolutionClock.cpp
  Volume.cpp
D:\DX12_Training\DX_Training\Objects\Mesh.cpp(84,37): warning C4244: '=': conversion from 'T' to 'float', possible loss of data
D:\DX12_Training\DX_Training\Objects\Mesh.cpp(84,37): warning C4244:         with
D:\DX12_Training\DX_Training\Objects\Mesh.cpp(84,37): warning C4244:         [
D:\DX12_Training\DX_Training\Objects\Mesh.cpp(84,37): warning C4244:             T=fbxsdk::FbxDouble
D:\DX12_Training\DX_Training\Objects\Mesh.cpp(84,37): warning C4244:         ]
  (compiling source file '/Objects/Mesh.cpp')
  
D:\DX12_Training\DX_Training\Objects\Mesh.cpp(85,37): warning C4244: '=': conversion from 'T' to 'float', possible loss of data
D:\DX12_Training\DX_Training\Objects\Mesh.cpp(85,37): warning C4244:         with
D:\DX12_Training\DX_Training\Objects\Mesh.cpp(85,37): warning C4244:         [
D:\DX12_Training\DX_Training\Objects\Mesh.cpp(85,37): warning C4244:             T=fbxsdk::FbxDouble
D:\DX12_Training\DX_Training\Objects\Mesh.cpp(85,37): warning C4244:         ]
  (compiling source file '/Objects/Mesh.cpp')
  
D:\DX12_Training\DX_Training\Objects\Mesh.cpp(94,37): warning C4244: '=': conversion from 'T' to 'float', possible loss of data
D:\DX12_Training\DX_Training\Objects\Mesh.cpp(94,37): warning C4244:         with
D:\DX12_Training\DX_Training\Objects\Mesh.cpp(94,37): warning C4244:         [
D:\DX12_Training\DX_Training\Objects\Mesh.cpp(94,37): warning C4244:             T=fbxsdk::FbxDouble
D:\DX12_Training\DX_Training\Objects\Mesh.cpp(94,37): warning C4244:         ]
  (compiling source file '/Objects/Mesh.cpp')
  
D:\DX12_Training\DX_Training\Objects\Mesh.cpp(95,37): warning C4244: '=': conversion from 'T' to 'float', possible loss of data
D:\DX12_Training\DX_Training\Objects\Mesh.cpp(95,37): warning C4244:         with
D:\DX12_Training\DX_Training\Objects\Mesh.cpp(95,37): warning C4244:         [
D:\DX12_Training\DX_Training\Objects\Mesh.cpp(95,37): warning C4244:             T=fbxsdk::FbxDouble
D:\DX12_Training\DX_Training\Objects\Mesh.cpp(95,37): warning C4244:         ]
  (compiling source file '/Objects/Mesh.cpp')
  
D:\DX12_Training\DX_Training\Objects\Mesh.cpp(109,83): warning C4244: '=': conversion from 'T' to 'float', possible loss of data
D:\DX12_Training\DX_Training\Objects\Mesh.cpp(109,83): warning C4244:         with
D:\DX12_Training\DX_Training\Objects\Mesh.cpp(109,83): warning C4244:         [
D:\DX12_Training\DX_Training\Objects\Mesh.cpp(109,83): warning C4244:             T=fbxsdk::FbxDouble
D:\DX12_Training\DX_Training\Objects\Mesh.cpp(109,83): warning C4244:         ]
  (compiling source file '/Objects/Mesh.cpp')
  
D:\DX12_Training\DX_Training\Objects\Mesh.cpp(110,83): warning C4244: '=': conversion from 'T' to 'float', possible loss of data
D:\DX12_Training\DX_Training\Objects\Mesh.cpp(110,83): warning C4244:         with
D:\DX12_Training\DX_Training\Objects\Mesh.cpp(110,83): warning C4244:         [
D:\DX12_Training\DX_Training\Objects\Mesh.cpp(110,83): warning C4244:             T=fbxsdk::FbxDouble
D:\DX12_Training\DX_Training\Objects\Mesh.cpp(110,83): warning C4244:         ]
  (compiling source file '/Objects/Mesh.cpp')
  
D:\DX12_Training\DX_Training\Render\RenderCubeExample.cpp(201,77): warning C4267: 'argument': conversion from 'size_t' to 'unsigned int', possible loss of data
  (compiling source file '/Render/RenderCubeExample.cpp')
  
D:\DX12_Training\DX_Training\Render\RenderCubeExample.cpp(351,63): warning C4267: 'argument': conversion from 'size_t' to 'UINT', possible loss of data
  (compiling source file '/Render/RenderCubeExample.cpp')
  
D:\DX12_Training\DX_Training\Render\RenderCubeExample.cpp(469,21): warning C4305: '+=': truncation from 'double' to 'float'
  (compiling source file '/Render/RenderCubeExample.cpp')
  
D:\DX12_Training\DX_Training\Render\RenderCubeExample.cpp(474,181): warning C4244: 'argument': conversion from 'int' to 'float', possible loss of data
  (compiling source file '/Render/RenderCubeExample.cpp')
  
D:\DX12_Training\DX_Training\Render\RenderCubeExample.cpp(474,154): warning C4244: 'argument': conversion from 'int' to 'float', possible loss of data
  (compiling source file '/Render/RenderCubeExample.cpp')
  
D:\DX12_Training\DX_Training\Render\RenderCubeExample.cpp(679,66): warning C4267: 'argument': conversion from 'size_t' to 'UINT', possible loss of data
  (compiling source file '/Render/RenderCubeExample.cpp')
  
libfbxsdk-md.lib(fbxdebug.obj) : warning LNK4099: PDB '' was not found with 'libfbxsdk-md.lib(fbxdebug.obj)' or at ''; linking object as if no debug info
libfbxsdk-md.lib(fbxalloc.obj) : warning LNK4099: PDB '' was not found with 'libfbxsdk-md.lib(fbxalloc.obj)' or at ''; linking object as if no debug info
libfbxsdk-md.lib(fbxstring.obj) : warning LNK4099: PDB '' was not found with 'libfbxsdk-md.lib(fbxstring.obj)' or at ''; linking object as if no debug info
libfbxsdk-md.lib(fbxvector2.obj) : warning LNK4099: PDB '' was not found with 'libfbxsdk-md.lib(fbxvector2.obj)' or at ''; linking object as if no debug info
libfbxsdk-md.lib(fbxvector4.obj) : warning LNK4099: PDB '' was not found with 'libfbxsdk-md.lib(fbxvector4.obj)' or at ''; linking object as if no debug info
libfbxsdk-md.lib(fbxlayer.obj) : warning LNK4099: PDB '' was not found with 'libfbxsdk-md.lib(fbxlayer.obj)' or at ''; linking object as if no debug info
libfbxsdk-md.lib(fbxlayercontainer.obj) : warning LNK4099: PDB '' was not found with 'libfbxsdk-md.lib(fbxlayercontainer.obj)' or at ''; linking object as if no debug info
libfbxsdk-md.lib(fbxgeometrybase.obj) : warning LNK4099: PDB '' was not found with 'libfbxsdk-md.lib(fbxgeometrybase.obj)' or at ''; linking object as if no debug info
libfbxsdk-md.lib(fbxmesh.obj) : warning LNK4099: PDB '' was not found with 'libfbxsdk-md.lib(fbxmesh.obj)' or at ''; linking object as if no debug info
libfbxsdk-md.lib(fbxproperty.obj) : warning LNK4099: PDB '' was not found with 'libfbxsdk-md.lib(fbxproperty.obj)' or at ''; linking object as if no debug info
libfbxsdk-md.lib(fbxobject.obj) : warning LNK4099: PDB '' was not found with 'libfbxsdk-md.lib(fbxobject.obj)' or at ''; linking object as if no debug info
libfbxsdk-md.lib(fbxmanager.obj) : warning LNK4099: PDB '' was not found with 'libfbxsdk-md.lib(fbxmanager.obj)' or at ''; linking object as if no debug info
libfbxsdk-md.lib(fbxiosettings.obj) : warning LNK4099: PDB '' was not found with 'libfbxsdk-md.lib(fbxiosettings.obj)' or at ''; linking object as if no debug info
libfbxsdk-md.lib(fbximporter.obj) : warning LNK4099: PDB '' was not found with 'libfbxsdk-md.lib(fbximporter.obj)' or at ''; linking object as if no debug info
libfbxsdk-md.lib(fbxscene.obj) : warning LNK4099: PDB '' was not found with 'libfbxsdk-md.lib(fbxscene.obj)' or at ''; linking object as if no debug info
libfbxsdk-md.lib(fbxaffinematrix.obj) : warning LNK4099: PDB '' was not found with 'libfbxsdk-md.lib(fbxaffinematrix.obj)' or at ''; linking object as if no debug info
libfbxsdk-md.lib(fbxclassid.obj) : warning LNK4099: PDB '' was not found with 'libfbxsdk-md.lib(fbxclassid.obj)' or at ''; linking object as if no debug info
libfbxsdk-md.lib(fbxpropertyhandle.obj) : warning LNK4099: PDB '' was not found with 'libfbxsdk-md.lib(fbxpropertyhandle.obj)' or at ''; linking object as if no debug info
libfbxsdk-md.lib(fbxquery.obj) : warning LNK4099: PDB '' was not found with 'libfbxsdk-md.lib(fbxquery.obj)' or at ''; linking object as if no debug info
libfbxsdk-md.lib(fbxnode.obj) : warning LNK4099: PDB '' was not found with 'libfbxsdk-md.lib(fbxnode.obj)' or at ''; linking object as if no debug info
libfbxsdk-md.lib(fbxsurfacematerial.obj) : warning LNK4099: PDB '' was not found with 'libfbxsdk-md.lib(fbxsurfacematerial.obj)' or at ''; linking object as if no debug info
libfbxsdk-md.lib(fbxtexture.obj) : warning LNK4099: PDB '' was not found with 'libfbxsdk-md.lib(fbxtexture.obj)' or at ''; linking object as if no debug info
libfbxsdk-md.lib(fbxlayeredtexture.obj) : warning LNK4099: PDB '' was not found with 'libfbxsdk-md.lib(fbxlayeredtexture.obj)' or at ''; linking object as if no debug info
libfbxsdk-md.lib(fbxutils.obj) : warning LNK4099: PDB '' was not found with 'libfbxsdk-md.lib(fbxutils.obj)' or at ''; linking object as if no debug info
libfbxsdk-md.lib(fbxquaternion.obj) : warning LNK4099: PDB '' was not found with 'libfbxsdk-md.lib(fbxquaternion.obj)' or at ''; linking object as if no debug info
libfbxsdk-md.lib(fbxtime.obj) : warning LNK4099: PDB '' was not found with 'libfbxsdk-md.lib(fbxtime.obj)' or at ''; linking object as if no debug info
libfbxsdk-md.lib(fbxpropertytypes.obj) : warning LNK4099: PDB '' was not found with 'libfbxsdk-md.lib(fbxpropertytypes.obj)' or at ''; linking object as if no debug info
libfbxsdk-md.lib(fbxdatatypes.obj) : warning LNK4099: PDB '' was not found with 'libfbxsdk-md.lib(fbxdatatypes.obj)' or at ''; linking object as if no debug info
libfbxsdk-md.lib(fbxemitter.obj) : warning LNK4099: PDB '' was not found with 'libfbxsdk-md.lib(fbxemitter.obj)' or at ''; linking object as if no debug info
libfbxsdk-md.lib(fbxnamehandler.obj) : warning LNK4099: PDB '' was not found with 'libfbxsdk-md.lib(fbxnamehandler.obj)' or at ''; linking object as if no debug info
libfbxsdk-md.lib(fbxnodeattribute.obj) : warning LNK4099: PDB '' was not found with 'libfbxsdk-md.lib(fbxnodeattribute.obj)' or at ''; linking object as if no debug info
libfbxsdk-md.lib(fbxblendshape.obj) : warning LNK4099: PDB '' was not found with 'libfbxsdk-md.lib(fbxblendshape.obj)' or at ''; linking object as if no debug info
libfbxsdk-md.lib(fbxblendshapechannel.obj) : warning LNK4099: PDB '' was not found with 'libfbxsdk-md.lib(fbxblendshapechannel.obj)' or at ''; linking object as if no debug info
libfbxsdk-md.lib(fbxgeometry.obj) : warning LNK4099: PDB '' was not found with 'libfbxsdk-md.lib(fbxgeometry.obj)' or at ''; linking object as if no debug info
libfbxsdk-md.lib(fbxskin.obj) : warning LNK4099: PDB '' was not found with 'libfbxsdk-md.lib(fbxskin.obj)' or at ''; linking object as if no debug info
libfbxsdk-md.lib(fbxcluster.obj) : warning LNK4099: PDB '' was not found with 'libfbxsdk-md.lib(fbxcluster.obj)' or at ''; linking object as if no debug info
libfbxsdk-md.lib(fbxpropertydef.obj) : warning LNK4099: PDB '' was not found with 'libfbxsdk-md.lib(fbxpropertydef.obj)' or at ''; linking object as if no debug info
libfbxsdk-md.lib(fbxanimevaluator.obj) : warning LNK4099: PDB '' was not found with 'libfbxsdk-md.lib(fbxanimevaluator.obj)' or at ''; linking object as if no debug info
libfbxsdk-md.lib(fbxanimlayer.obj) : warning LNK4099: PDB '' was not found with 'libfbxsdk-md.lib(fbxanimlayer.obj)' or at ''; linking object as if no debug info
libfbxsdk-md.lib(fbxanimcurvenode.obj) : warning LNK4099: PDB '' was not found with 'libfbxsdk-md.lib(fbxanimcurvenode.obj)' or at ''; linking object as if no debug info
libfbxsdk-md.lib(fbxanimstack.obj) : warning LNK4099: PDB '' was not found with 'libfbxsdk-md.lib(fbxanimstack.obj)' or at ''; linking object as if no debug info
libfbxsdk-md.lib(fbxevents.obj) : warning LNK4099: PDB '' was not found with 'libfbxsdk-md.lib(fbxevents.obj)' or at ''; linking object as if no debug info
libfbxsdk-md.lib(fbxstringlist.obj) : warning LNK4099: PDB '' was not found with 'libfbxsdk-md.lib(fbxstringlist.obj)' or at ''; linking object as if no debug info
libfbxsdk-md.lib(fbxdocument.obj) : warning LNK4099: PDB '' was not found with 'libfbxsdk-md.lib(fbxdocument.obj)' or at ''; linking object as if no debug info
libfbxsdk-md.lib(fbximplementation.obj) : warning LNK4099: PDB '' was not found with 'libfbxsdk-md.lib(fbximplementation.obj)' or at ''; linking object as if no debug info
libfbxsdk-md.lib(fbxlibrary.obj) : warning LNK4099: PDB '' was not found with 'libfbxsdk-md.lib(fbxlibrary.obj)' or at ''; linking object as if no debug info
libfbxsdk-md.lib(fbxcharptrset.obj) : warning LNK4099: PDB '' was not found with 'libfbxsdk-md.lib(fbxcharptrset.obj)' or at ''; linking object as if no debug info
libfbxsdk-md.lib(fbxmatrix.obj) : warning LNK4099: PDB '' was not found with 'libfbxsdk-md.lib(fbxmatrix.obj)' or at ''; linking object as if no debug info
libfbxsdk-md.lib(fbxsystemunit.obj) : warning LNK4099: PDB '' was not found with 'libfbxsdk-md.lib(fbxsystemunit.obj)' or at ''; linking object as if no debug info
libfbxsdk-md.lib(fbxplugin.obj) : warning LNK4099: PDB '' was not found with 'libfbxsdk-md.lib(fbxplugin.obj)' or at ''; linking object as if no debug info
libfbxsdk-md.lib(fbxplugincontainer.obj) : warning LNK4099: PDB '' was not found with 'libfbxsdk-md.lib(fbxplugincontainer.obj)' or at ''; linking object as if no debug info
libfbxsdk-md.lib(fbxloadingstrategy.obj) : warning LNK4099: PDB '' was not found with 'libfbxsdk-md.lib(fbxloadingstrategy.obj)' or at ''; linking object as if no debug info
libfbxsdk-md.lib(fbxsymbol.obj) : warning LNK4099: PDB '' was not found with 'libfbxsdk-md.lib(fbxsymbol.obj)' or at ''; linking object as if no debug info
libfbxsdk-md.lib(fbxscopedloadingdirectory.obj) : warning LNK4099: PDB '' was not found with 'libfbxsdk-md.lib(fbxscopedloadingdirectory.obj)' or at ''; linking object as if no debug info
libfbxsdk-md.lib(fbxscopedloadingfilename.obj) : warning LNK4099: PDB '' was not found with 'libfbxsdk-md.lib(fbxscopedloadingfilename.obj)' or at ''; linking object as if no debug info
libfbxsdk-md.lib(fbxxref.obj) : warning LNK4099: PDB '' was not found with 'libfbxsdk-md.lib(fbxxref.obj)' or at ''; linking object as if no debug info
libfbxsdk-md.lib(fbxiobase.obj) : warning LNK4099: PDB '' was not found with 'libfbxsdk-md.lib(fbxiobase.obj)' or at ''; linking object as if no debug info
libfbxsdk-md.lib(fbxexporter.obj) : warning LNK4099: PDB '' was not found with 'libfbxsdk-md.lib(fbxexporter.obj)' or at ''; linking object as if no debug info
libfbxsdk-md.lib(fbxcallbacks.obj) : warning LNK4099: PDB '' was not found with 'libfbxsdk-md.lib(fbxcallbacks.obj)' or at ''; linking object as if no debug info
libfbxsdk-md.lib(fbxio.obj) : warning LNK4099: PDB '' was not found with 'libfbxsdk-md.lib(fbxio.obj)' or at ''; linking object as if no debug info
libfbxsdk-md.lib(fbxiopluginregistry.obj) : warning LNK4099: PDB '' was not found with 'libfbxsdk-md.lib(fbxiopluginregistry.obj)' or at ''; linking object as if no debug info
libfbxsdk-md.lib(fbxaudio.obj) : warning LNK4099: PDB '' was not found with 'libfbxsdk-md.lib(fbxaudio.obj)' or at ''; linking object as if no debug info
libfbxsdk-md.lib(fbxcollection.obj) : warning LNK4099: PDB '' was not found with 'libfbxsdk-md.lib(fbxcollection.obj)' or at ''; linking object as if no debug info
libfbxsdk-md.lib(fbxaudiolayer.obj) : warning LNK4099: PDB '' was not found with 'libfbxsdk-md.lib(fbxaudiolayer.obj)' or at ''; linking object as if no debug info
libfbxsdk-md.lib(fbxcollectionexclusive.obj) : warning LNK4099: PDB '' was not found with 'libfbxsdk-md.lib(fbxcollectionexclusive.obj)' or at ''; linking object as if no debug info
libfbxsdk-md.lib(fbxcontainertemplate.obj) : warning LNK4099: PDB '' was not found with 'libfbxsdk-md.lib(fbxcontainertemplate.obj)' or at ''; linking object as if no debug info
libfbxsdk-md.lib(fbxcontainer.obj) : warning LNK4099: PDB '' was not found with 'libfbxsdk-md.lib(fbxcontainer.obj)' or at ''; linking object as if no debug info
libfbxsdk-md.lib(fbxdisplaylayer.obj) : warning LNK4099: PDB '' was not found with 'libfbxsdk-md.lib(fbxdisplaylayer.obj)' or at ''; linking object as if no debug info
libfbxsdk-md.lib(fbxdocumentinfo.obj) : warning LNK4099: PDB '' was not found with 'libfbxsdk-md.lib(fbxdocumentinfo.obj)' or at ''; linking object as if no debug info
libfbxsdk-md.lib(fbxenvironment.obj) : warning LNK4099: PDB '' was not found with 'libfbxsdk-md.lib(fbxenvironment.obj)' or at ''; linking object as if no debug info
libfbxsdk-md.lib(fbxobjectmetadata.obj) : warning LNK4099: PDB '' was not found with 'libfbxsdk-md.lib(fbxobjectmetadata.obj)' or at ''; linking object as if no debug info
libfbxsdk-md.lib(fbxpose.obj) : warning LNK4099: PDB '' was not found with 'libfbxsdk-md.lib(fbxpose.obj)' or at ''; linking object as if no debug info
libfbxsdk-md.lib(fbxreference.obj) : warning LNK4099: PDB '' was not found with 'libfbxsdk-md.lib(fbxreference.obj)' or at ''; linking object as if no debug info
libfbxsdk-md.lib(fbxglobalsettings.obj) : warning LNK4099: PDB '' was not found with 'libfbxsdk-md.lib(fbxglobalsettings.obj)' or at ''; linking object as if no debug info
libfbxsdk-md.lib(fbxselectionnode.obj) : warning LNK4099: PDB '' was not found with 'libfbxsdk-md.lib(fbxselectionnode.obj)' or at ''; linking object as if no debug info
libfbxsdk-md.lib(fbxselectionset.obj) : warning LNK4099: PDB '' was not found with 'libfbxsdk-md.lib(fbxselectionset.obj)' or at ''; linking object as if no debug info
libfbxsdk-md.lib(fbxthumbnail.obj) : warning LNK4099: PDB '' was not found with 'libfbxsdk-md.lib(fbxthumbnail.obj)' or at ''; linking object as if no debug info
libfbxsdk-md.lib(fbxvideo.obj) : warning LNK4099: PDB '' was not found with 'libfbxsdk-md.lib(fbxvideo.obj)' or at ''; linking object as if no debug info
libfbxsdk-md.lib(fbxanimcurve.obj) : warning LNK4099: PDB '' was not found with 'libfbxsdk-md.lib(fbxanimcurve.obj)' or at ''; linking object as if no debug info
libfbxsdk-md.lib(fbxanimevalclassic.obj) : warning LNK4099: PDB '' was not found with 'libfbxsdk-md.lib(fbxanimevalclassic.obj)' or at ''; linking object as if no debug info
libfbxsdk-md.lib(fbxconstraint.obj) : warning LNK4099: PDB '' was not found with 'libfbxsdk-md.lib(fbxconstraint.obj)' or at ''; linking object as if no debug info
libfbxsdk-md.lib(fbxcharacter.obj) : warning LNK4099: PDB '' was not found with 'libfbxsdk-md.lib(fbxcharacter.obj)' or at ''; linking object as if no debug info
libfbxsdk-md.lib(fbxcharacterpose.obj) : warning LNK4099: PDB '' was not found with 'libfbxsdk-md.lib(fbxcharacterpose.obj)' or at ''; linking object as if no debug info
libfbxsdk-md.lib(fbxconstraintaim.obj) : warning LNK4099: PDB '' was not found with 'libfbxsdk-md.lib(fbxconstraintaim.obj)' or at ''; linking object as if no debug info
libfbxsdk-md.lib(fbxconstraintcustom.obj) : warning LNK4099: PDB '' was not found with 'libfbxsdk-md.lib(fbxconstraintcustom.obj)' or at ''; linking object as if no debug info
libfbxsdk-md.lib(fbxconstraintparent.obj) : warning LNK4099: PDB '' was not found with 'libfbxsdk-md.lib(fbxconstraintparent.obj)' or at ''; linking object as if no debug info
libfbxsdk-md.lib(fbxconstraintposition.obj) : warning LNK4099: PDB '' was not found with 'libfbxsdk-md.lib(fbxconstraintposition.obj)' or at ''; linking object as if no debug info
libfbxsdk-md.lib(fbxconstraintrotation.obj) : warning LNK4099: PDB '' was not found with 'libfbxsdk-md.lib(fbxconstraintrotation.obj)' or at ''; linking object as if no debug info
libfbxsdk-md.lib(fbxconstraintscale.obj) : warning LNK4099: PDB '' was not found with 'libfbxsdk-md.lib(fbxconstraintscale.obj)' or at ''; linking object as if no debug info
libfbxsdk-md.lib(fbxconstraintsinglechainik.obj) : warning LNK4099: PDB '' was not found with 'libfbxsdk-md.lib(fbxconstraintsinglechainik.obj)' or at ''; linking object as if no debug info
libfbxsdk-md.lib(fbxcontrolset.obj) : warning LNK4099: PDB '' was not found with 'libfbxsdk-md.lib(fbxcontrolset.obj)' or at ''; linking object as if no debug info
libfbxsdk-md.lib(fbxdeformer.obj) : warning LNK4099: PDB '' was not found with 'libfbxsdk-md.lib(fbxdeformer.obj)' or at ''; linking object as if no debug info
libfbxsdk-md.lib(fbxsubdeformer.obj) : warning LNK4099: PDB '' was not found with 'libfbxsdk-md.lib(fbxsubdeformer.obj)' or at ''; linking object as if no debug info
libfbxsdk-md.lib(fbxcache.obj) : warning LNK4099: PDB '' was not found with 'libfbxsdk-md.lib(fbxcache.obj)' or at ''; linking object as if no debug info
libfbxsdk-md.lib(fbxcachedeffect.obj) : warning LNK4099: PDB '' was not found with 'libfbxsdk-md.lib(fbxcachedeffect.obj)' or at ''; linking object as if no debug info
libfbxsdk-md.lib(fbxcamera.obj) : warning LNK4099: PDB '' was not found with 'libfbxsdk-md.lib(fbxcamera.obj)' or at ''; linking object as if no debug info
libfbxsdk-md.lib(fbxcamerastereo.obj) : warning LNK4099: PDB '' was not found with 'libfbxsdk-md.lib(fbxcamerastereo.obj)' or at ''; linking object as if no debug info
libfbxsdk-md.lib(fbxcameraswitcher.obj) : warning LNK4099: PDB '' was not found with 'libfbxsdk-md.lib(fbxcameraswitcher.obj)' or at ''; linking object as if no debug info
libfbxsdk-md.lib(fbxgenericnode.obj) : warning LNK4099: PDB '' was not found with 'libfbxsdk-md.lib(fbxgenericnode.obj)' or at ''; linking object as if no debug info
libfbxsdk-md.lib(fbxshape.obj) : warning LNK4099: PDB '' was not found with 'libfbxsdk-md.lib(fbxshape.obj)' or at ''; linking object as if no debug info
libfbxsdk-md.lib(fbxgeometryweightedmap.obj) : warning LNK4099: PDB '' was not found with 'libfbxsdk-md.lib(fbxgeometryweightedmap.obj)' or at ''; linking object as if no debug info
libfbxsdk-md.lib(fbxlight.obj) : warning LNK4099: PDB '' was not found with 'libfbxsdk-md.lib(fbxlight.obj)' or at ''; linking object as if no debug info
libfbxsdk-md.lib(fbxline.obj) : warning LNK4099: PDB '' was not found with 'libfbxsdk-md.lib(fbxline.obj)' or at ''; linking object as if no debug info
libfbxsdk-md.lib(fbxlodgroup.obj) : warning LNK4099: PDB '' was not found with 'libfbxsdk-md.lib(fbxlodgroup.obj)' or at ''; linking object as if no debug info
libfbxsdk-md.lib(fbxmarker.obj) : warning LNK4099: PDB '' was not found with 'libfbxsdk-md.lib(fbxmarker.obj)' or at ''; linking object as if no debug info
libfbxsdk-md.lib(fbxnull.obj) : warning LNK4099: PDB '' was not found with 'libfbxsdk-md.lib(fbxnull.obj)' or at ''; linking object as if no debug info
libfbxsdk-md.lib(fbxnurbs.obj) : warning LNK4099: PDB '' was not found with 'libfbxsdk-md.lib(fbxnurbs.obj)' or at ''; linking object as if no debug info
libfbxsdk-md.lib(fbxnurbscurve.obj) : warning LNK4099: PDB '' was not found with 'libfbxsdk-md.lib(fbxnurbscurve.obj)' or at ''; linking object as if no debug info
libfbxsdk-md.lib(fbxnurbssurface.obj) : warning LNK4099: PDB '' was not found with 'libfbxsdk-md.lib(fbxnurbssurface.obj)' or at ''; linking object as if no debug info
libfbxsdk-md.lib(fbxopticalreference.obj) : warning LNK4099: PDB '' was not found with 'libfbxsdk-md.lib(fbxopticalreference.obj)' or at ''; linking object as if no debug info
libfbxsdk-md.lib(fbxpatch.obj) : warning LNK4099: PDB '' was not found with 'libfbxsdk-md.lib(fbxpatch.obj)' or at ''; linking object as if no debug info
libfbxsdk-md.lib(fbxproceduralgeometry.obj) : warning LNK4099: PDB '' was not found with 'libfbxsdk-md.lib(fbxproceduralgeometry.obj)' or at ''; linking object as if no debug info
libfbxsdk-md.lib(fbxskeleton.obj) : warning LNK4099: PDB '' was not found with 'libfbxsdk-md.lib(fbxskeleton.obj)' or at ''; linking object as if no debug info
libfbxsdk-md.lib(fbxsubdiv.obj) : warning LNK4099: PDB '' was not found with 'libfbxsdk-md.lib(fbxsubdiv.obj)' or at ''; linking object as if no debug info
libfbxsdk-md.lib(fbxtrimnurbssurface.obj) : warning LNK4099: PDB '' was not found with 'libfbxsdk-md.lib(fbxtrimnurbssurface.obj)' or at ''; linking object as if no debug info
libfbxsdk-md.lib(fbxvertexcachedeformer.obj) : warning LNK4099: PDB '' was not found with 'libfbxsdk-md.lib(fbxvertexcachedeformer.obj)' or at ''; linking object as if no debug info
libfbxsdk-md.lib(fbxbindingtable.obj) : warning LNK4099: PDB '' was not found with 'libfbxsdk-md.lib(fbxbindingtable.obj)' or at ''; linking object as if no debug info
libfbxsdk-md.lib(fbxbindingoperator.obj) : warning LNK4099: PDB '' was not found with 'libfbxsdk-md.lib(fbxbindingoperator.obj)' or at ''; linking object as if no debug info
libfbxsdk-md.lib(fbxfiletexture.obj) : warning LNK4099: PDB '' was not found with 'libfbxsdk-md.lib(fbxfiletexture.obj)' or at ''; linking object as if no debug info
libfbxsdk-md.lib(fbxproceduraltexture.obj) : warning LNK4099: PDB '' was not found with 'libfbxsdk-md.lib(fbxproceduraltexture.obj)' or at ''; linking object as if no debug info
libfbxsdk-md.lib(fbxsurfacelambert.obj) : warning LNK4099: PDB '' was not found with 'libfbxsdk-md.lib(fbxsurfacelambert.obj)' or at ''; linking object as if no debug info
libfbxsdk-md.lib(fbxsurfacephong.obj) : warning LNK4099: PDB '' was not found with 'libfbxsdk-md.lib(fbxsurfacephong.obj)' or at ''; linking object as if no debug info
libfbxsdk-md.lib(fbxprocessor.obj) : warning LNK4099: PDB '' was not found with 'libfbxsdk-md.lib(fbxprocessor.obj)' or at ''; linking object as if no debug info
libfbxsdk-md.lib(fbxprocessorxref.obj) : warning LNK4099: PDB '' was not found with 'libfbxsdk-md.lib(fbxprocessorxref.obj)' or at ''; linking object as if no debug info
libfbxsdk-md.lib(fbxprocessorxrefuserlib.obj) : warning LNK4099: PDB '' was not found with 'libfbxsdk-md.lib(fbxprocessorxrefuserlib.obj)' or at ''; linking object as if no debug info
libfbxsdk-md.lib(fbxprocessorshaderdependency.obj) : warning LNK4099: PDB '' was not found with 'libfbxsdk-md.lib(fbxprocessorshaderdependency.obj)' or at ''; linking object as if no debug info
libfbxsdk-md.lib(fbxmanipulators.obj) : warning LNK4099: PDB '' was not found with 'libfbxsdk-md.lib(fbxmanipulators.obj)' or at ''; linking object as if no debug info
libfbxsdk-md.lib(fbxusernotification.obj) : warning LNK4099: PDB '' was not found with 'libfbxsdk-md.lib(fbxusernotification.obj)' or at ''; linking object as if no debug info
libfbxsdk-md.lib(fbxalembicinterface.obj) : warning LNK4099: PDB '' was not found with 'libfbxsdk-md.lib(fbxalembicinterface.obj)' or at ''; linking object as if no debug info
libfbxsdk-md.lib(kfcurve.obj) : warning LNK4099: PDB '' was not found with 'libfbxsdk-md.lib(kfcurve.obj)' or at ''; linking object as if no debug info
libfbxsdk-md.lib(fbxanimcurvekfcurve.obj) : warning LNK4099: PDB '' was not found with 'libfbxsdk-md.lib(fbxanimcurvekfcurve.obj)' or at ''; linking object as if no debug info
libfbxsdk-md.lib(fbxlocale.obj) : warning LNK4099: PDB '' was not found with 'libfbxsdk-md.lib(fbxlocale.obj)' or at ''; linking object as if no debug info
libfbxsdk-md.lib(fbxmessage.obj) : warning LNK4099: PDB '' was not found with 'libfbxsdk-md.lib(fbxmessage.obj)' or at ''; linking object as if no debug info
libfbxsdk-md.lib(fbxlog.obj) : warning LNK4099: PDB '' was not found with 'libfbxsdk-md.lib(fbxlog.obj)' or at ''; linking object as if no debug info
libfbxsdk-md.lib(fbxperipheral.obj) : warning LNK4099: PDB '' was not found with 'libfbxsdk-md.lib(fbxperipheral.obj)' or at ''; linking object as if no debug info
libfbxsdk-md.lib(fbxmediaclip.obj) : warning LNK4099: PDB '' was not found with 'libfbxsdk-md.lib(fbxmediaclip.obj)' or at ''; linking object as if no debug info
libfbxsdk-md.lib(fbxanimcurvebase.obj) : warning LNK4099: PDB '' was not found with 'libfbxsdk-md.lib(fbxanimcurvebase.obj)' or at ''; linking object as if no debug info
libfbxsdk-md.lib(fbxbindingtablebase.obj) : warning LNK4099: PDB '' was not found with 'libfbxsdk-md.lib(fbxbindingtablebase.obj)' or at ''; linking object as if no debug info
libfbxsdk-md.lib(fbxfile.obj) : warning LNK4099: PDB '' was not found with 'libfbxsdk-md.lib(fbxfile.obj)' or at ''; linking object as if no debug info
libfbxsdk-md.lib(fbxstatus.obj) : warning LNK4099: PDB '' was not found with 'libfbxsdk-md.lib(fbxstatus.obj)' or at ''; linking object as if no debug info
libfbxsdk-md.lib(fbxthread.obj) : warning LNK4099: PDB '' was not found with 'libfbxsdk-md.lib(fbxthread.obj)' or at ''; linking object as if no debug info
libfbxsdk-md.lib(fbxtakeinfo.obj) : warning LNK4099: PDB '' was not found with 'libfbxsdk-md.lib(fbxtakeinfo.obj)' or at ''; linking object as if no debug info
libfbxsdk-md.lib(fbxaxissystem.obj) : warning LNK4099: PDB '' was not found with 'libfbxsdk-md.lib(fbxaxissystem.obj)' or at ''; linking object as if no debug info
libfbxsdk-md.lib(fbxprogress.obj) : warning LNK4099: PDB '' was not found with 'libfbxsdk-md.lib(fbxprogress.obj)' or at ''; linking object as if no debug info
libfbxsdk-md.lib(fbxstatistics.obj) : warning LNK4099: PDB '' was not found with 'libfbxsdk-md.lib(fbxstatistics.obj)' or at ''; linking object as if no debug info
libfbxsdk-md.lib(fbxreaderfbx5.obj) : warning LNK4099: PDB '' was not found with 'libfbxsdk-md.lib(fbxreaderfbx5.obj)' or at ''; linking object as if no debug info
libfbxsdk-md.lib(fbxgloballightsettings.obj) : warning LNK4099: PDB '' was not found with 'libfbxsdk-md.lib(fbxgloballightsettings.obj)' or at ''; linking object as if no debug info
libfbxsdk-md.lib(fbxglobalcamerasettings.obj) : warning LNK4099: PDB '' was not found with 'libfbxsdk-md.lib(fbxglobalcamerasettings.obj)' or at ''; linking object as if no debug info
libfbxsdk-md.lib(fbxmultimap.obj) : warning LNK4099: PDB '' was not found with 'libfbxsdk-md.lib(fbxmultimap.obj)' or at ''; linking object as if no debug info
libfbxsdk-md.lib(fbxanimcurvefilter.obj) : warning LNK4099: PDB '' was not found with 'libfbxsdk-md.lib(fbxanimcurvefilter.obj)' or at ''; linking object as if no debug info
libfbxsdk-md.lib(fbxanimcurvefilterconstkeyredu.obj) : warning LNK4099: PDB '' was not found with 'libfbxsdk-md.lib(fbxanimcurvefilterconstkeyredu.obj)' or at ''; linking object as if no debug info
libfbxsdk-md.lib(fbxanimcurvefilterscalecompensate.obj) : warning LNK4099: PDB '' was not found with 'libfbxsdk-md.lib(fbxanimcurvefilterscalecompensate.obj)' or at ''; linking object as if no debug info
libfbxsdk-md.lib(fbxanimcurvefilterscale.obj) : warning LNK4099: PDB '' was not found with 'libfbxsdk-md.lib(fbxanimcurvefilterscale.obj)' or at ''; linking object as if no debug info
libfbxsdk-md.lib(fbxgeometryconverter.obj) : warning LNK4099: PDB '' was not found with 'libfbxsdk-md.lib(fbxgeometryconverter.obj)' or at ''; linking object as if no debug info
libfbxsdk-md.lib(fbxclonemanager.obj) : warning LNK4099: PDB '' was not found with 'libfbxsdk-md.lib(fbxclonemanager.obj)' or at ''; linking object as if no debug info
libfbxsdk-md.lib(fbxmath.obj) : warning LNK4099: PDB '' was not found with 'libfbxsdk-md.lib(fbxmath.obj)' or at ''; linking object as if no debug info
libfbxsdk-md.lib(fbxconnectionpoint.obj) : warning LNK4099: PDB '' was not found with 'libfbxsdk-md.lib(fbxconnectionpoint.obj)' or at ''; linking object as if no debug info
libfbxsdk-md.lib(fbxpropertypage.obj) : warning LNK4099: PDB '' was not found with 'libfbxsdk-md.lib(fbxpropertypage.obj)' or at ''; linking object as if no debug info
libfbxsdk-md.lib(fbxtransforms.obj) : warning LNK4099: PDB '' was not found with 'libfbxsdk-md.lib(fbxtransforms.obj)' or at ''; linking object as if no debug info
libfbxsdk-md.lib(fbxanimcurvefilterunroll.obj) : warning LNK4099: PDB '' was not found with 'libfbxsdk-md.lib(fbxanimcurvefilterunroll.obj)' or at ''; linking object as if no debug info
libfbxsdk-md.lib(fbxanimcurvefiltermatrixconverter.obj) : warning LNK4099: PDB '' was not found with 'libfbxsdk-md.lib(fbxanimcurvefiltermatrixconverter.obj)' or at ''; linking object as if no debug info
libfbxsdk-md.lib(fbxdeformationsevaluator.obj) : warning LNK4099: PDB '' was not found with 'libfbxsdk-md.lib(fbxdeformationsevaluator.obj)' or at ''; linking object as if no debug info
libfbxsdk-md.lib(fbxfolder.obj) : warning LNK4099: PDB '' was not found with 'libfbxsdk-md.lib(fbxfolder.obj)' or at ''; linking object as if no debug info
libfbxsdk-md.lib(fbxtimecode.obj) : warning LNK4099: PDB '' was not found with 'libfbxsdk-md.lib(fbxtimecode.obj)' or at ''; linking object as if no debug info
libfbxsdk-md.lib(fbxanimevalstate.obj) : warning LNK4099: PDB '' was not found with 'libfbxsdk-md.lib(fbxanimevalstate.obj)' or at ''; linking object as if no debug info
libfbxsdk-md.lib(kfcurvenode.obj) : warning LNK4099: PDB '' was not found with 'libfbxsdk-md.lib(kfcurvenode.obj)' or at ''; linking object as if no debug info
libfbxsdk-md.lib(kdatatypes.obj) : warning LNK4099: PDB '' was not found with 'libfbxsdk-md.lib(kdatatypes.obj)' or at ''; linking object as if no debug info
libfbxsdk-md.lib(fbximplementationfilter.obj) : warning LNK4099: PDB '' was not found with 'libfbxsdk-md.lib(fbximplementationfilter.obj)' or at ''; linking object as if no debug info
libfbxsdk-md.lib(fbxdependencieshelper.obj) : warning LNK4099: PDB '' was not found with 'libfbxsdk-md.lib(fbxdependencieshelper.obj)' or at ''; linking object as if no debug info
libfbxsdk-md.lib(fbxobjectscontainer.obj) : warning LNK4099: PDB '' was not found with 'libfbxsdk-md.lib(fbxobjectscontainer.obj)' or at ''; linking object as if no debug info
libfbxsdk-md.lib(fbxlimitsutilities.obj) : warning LNK4099: PDB '' was not found with 'libfbxsdk-md.lib(fbxlimitsutilities.obj)' or at ''; linking object as if no debug info
libfbxsdk-md.lib(fbxrootnodeutility.obj) : warning LNK4099: PDB '' was not found with 'libfbxsdk-md.lib(fbxrootnodeutility.obj)' or at ''; linking object as if no debug info
libfbxsdk-md.lib(fbxlistener.obj) : warning LNK4099: PDB '' was not found with 'libfbxsdk-md.lib(fbxlistener.obj)' or at ''; linking object as if no debug info
libfbxsdk-md.lib(fbxmodule.obj) : warning LNK4099: PDB '' was not found with 'libfbxsdk-md.lib(fbxmodule.obj)' or at ''; linking object as if no debug info
libfbxsdk-md.lib(fbxwriter.obj) : warning LNK4099: PDB '' was not found with 'libfbxsdk-md.lib(fbxwriter.obj)' or at ''; linking object as if no debug info
libfbxsdk-md.lib(fbxwriterfbx5.obj) : warning LNK4099: PDB '' was not found with 'libfbxsdk-md.lib(fbxwriterfbx5.obj)' or at ''; linking object as if no debug info
libfbxsdk-md.lib(fbxbase64coder.obj) : warning LNK4099: PDB '' was not found with 'libfbxsdk-md.lib(fbxbase64coder.obj)' or at ''; linking object as if no debug info
libfbxsdk-md.lib(fbxchainedfile.obj) : warning LNK4099: PDB '' was not found with 'libfbxsdk-md.lib(fbxchainedfile.obj)' or at ''; linking object as if no debug info
libfbxsdk-md.lib(fbxcrcfile.obj) : warning LNK4099: PDB '' was not found with 'libfbxsdk-md.lib(fbxcrcfile.obj)' or at ''; linking object as if no debug info
libfbxsdk-md.lib(fbxencryptedfile.obj) : warning LNK4099: PDB '' was not found with 'libfbxsdk-md.lib(fbxencryptedfile.obj)' or at ''; linking object as if no debug info
libfbxsdk-md.lib(fbxmemoryfile.obj) : warning LNK4099: PDB '' was not found with 'libfbxsdk-md.lib(fbxmemoryfile.obj)' or at ''; linking object as if no debug info
libfbxsdk-md.lib(fbxiofield.obj) : warning LNK4099: PDB '' was not found with 'libfbxsdk-md.lib(fbxiofield.obj)' or at ''; linking object as if no debug info
libfbxsdk-md.lib(fbxiofieldlist.obj) : warning LNK4099: PDB '' was not found with 'libfbxsdk-md.lib(fbxiofieldlist.obj)' or at ''; linking object as if no debug info
libfbxsdk-md.lib(fbxiofieldzlib.obj) : warning LNK4099: PDB '' was not found with 'libfbxsdk-md.lib(fbxiofieldzlib.obj)' or at ''; linking object as if no debug info
libfbxsdk-md.lib(fbxinternalfileio.obj) : warning LNK4099: PDB '' was not found with 'libfbxsdk-md.lib(fbxinternalfileio.obj)' or at ''; linking object as if no debug info
libfbxsdk-md.lib(fbxrenamingstrategyutilities.obj) : warning LNK4099: PDB '' was not found with 'libfbxsdk-md.lib(fbxrenamingstrategyutilities.obj)' or at ''; linking object as if no debug info
libfbxsdk-md.lib(awCacheFileInterface.obj) : warning LNK4099: PDB '' was not found with 'libfbxsdk-md.lib(awCacheFileInterface.obj)' or at ''; linking object as if no debug info
libfbxsdk-md.lib(awPointCache2IO.obj) : warning LNK4099: PDB '' was not found with 'libfbxsdk-md.lib(awPointCache2IO.obj)' or at ''; linking object as if no debug info
libfbxsdk-md.lib(fbxweightedmapping.obj) : warning LNK4099: PDB '' was not found with 'libfbxsdk-md.lib(fbxweightedmapping.obj)' or at ''; linking object as if no debug info
libfbxsdk-md.lib(fbxnurbscurveevaluator.obj) : warning LNK4099: PDB '' was not found with 'libfbxsdk-md.lib(fbxnurbscurveevaluator.obj)' or at ''; linking object as if no debug info
libfbxsdk-md.lib(fbxbindingtableentry.obj) : warning LNK4099: PDB '' was not found with 'libfbxsdk-md.lib(fbxbindingtableentry.obj)' or at ''; linking object as if no debug info
libfbxsdk-md.lib(fbxbindingsentryview.obj) : warning LNK4099: PDB '' was not found with 'libfbxsdk-md.lib(fbxbindingsentryview.obj)' or at ''; linking object as if no debug info
libfbxsdk-md.lib(fbxconstantentryview.obj) : warning LNK4099: PDB '' was not found with 'libfbxsdk-md.lib(fbxconstantentryview.obj)' or at ''; linking object as if no debug info
libfbxsdk-md.lib(fbxoperatorentryview.obj) : warning LNK4099: PDB '' was not found with 'libfbxsdk-md.lib(fbxoperatorentryview.obj)' or at ''; linking object as if no debug info
libfbxsdk-md.lib(fbxpropertyentryview.obj) : warning LNK4099: PDB '' was not found with 'libfbxsdk-md.lib(fbxpropertyentryview.obj)' or at ''; linking object as if no debug info
libfbxsdk-md.lib(ErrorHandler.obj) : warning LNK4099: PDB '' was not found with 'libfbxsdk-md.lib(ErrorHandler.obj)' or at ''; linking object as if no debug info
libfbxsdk-md.lib(IArchive.cpp.obj) : warning LNK4099: PDB '' was not found with 'libfbxsdk-md.lib(IArchive.cpp.obj)' or at ''; linking object as if no debug info
libfbxsdk-md.lib(ArchiveInfo.obj) : warning LNK4099: PDB '' was not found with 'libfbxsdk-md.lib(ArchiveInfo.obj)' or at ''; linking object as if no debug info
libfbxsdk-md.lib(IObject.obj) : warning LNK4099: PDB '' was not found with 'libfbxsdk-md.lib(IObject.obj)' or at ''; linking object as if no debug info
libfbxsdk-md.lib(ICompoundProperty.obj) : warning LNK4099: PDB '' was not found with 'libfbxsdk-md.lib(ICompoundProperty.obj)' or at ''; linking object as if no debug info
libfbxsdk-md.lib(IArrayProperty.obj) : warning LNK4099: PDB '' was not found with 'libfbxsdk-md.lib(IArrayProperty.obj)' or at ''; linking object as if no debug info
libfbxsdk-md.lib(IScalarProperty.obj) : warning LNK4099: PDB '' was not found with 'libfbxsdk-md.lib(IScalarProperty.obj)' or at ''; linking object as if no debug info
libfbxsdk-md.lib(IFactory.obj) : warning LNK4099: PDB '' was not found with 'libfbxsdk-md.lib(IFactory.obj)' or at ''; linking object as if no debug info
libfbxsdk-md.lib(XformSample.obj) : warning LNK4099: PDB '' was not found with 'libfbxsdk-md.lib(XformSample.obj)' or at ''; linking object as if no debug info
libfbxsdk-md.lib(IXform.obj) : warning LNK4099: PDB '' was not found with 'libfbxsdk-md.lib(IXform.obj)' or at ''; linking object as if no debug info
libfbxsdk-md.lib(fbxalembicgeometry.obj) : warning LNK4099: PDB '' was not found with 'libfbxsdk-md.lib(fbxalembicgeometry.obj)' or at ''; linking object as if no debug info
libfbxsdk-md.lib(fbxalembicmaterial.obj) : warning LNK4099: PDB '' was not found with 'libfbxsdk-md.lib(fbxalembicmaterial.obj)' or at ''; linking object as if no debug info
libfbxsdk-md.lib(fbxalembicxform.obj) : warning LNK4099: PDB '' was not found with 'libfbxsdk-md.lib(fbxalembicxform.obj)' or at ''; linking object as if no debug info
libfbxsdk-md.lib(fbxalembicobject.obj) : warning LNK4099: PDB '' was not found with 'libfbxsdk-md.lib(fbxalembicobject.obj)' or at ''; linking object as if no debug info
libfbxsdk-md.lib(fbxmemorypool.obj) : warning LNK4099: PDB '' was not found with 'libfbxsdk-md.lib(fbxmemorypool.obj)' or at ''; linking object as if no debug info
libfbxsdk-md.lib(kfcurveglobal.obj) : warning LNK4099: PDB '' was not found with 'libfbxsdk-md.lib(kfcurveglobal.obj)' or at ''; linking object as if no debug info
libfbxsdk-md.lib(fbxsync.obj) : warning LNK4099: PDB '' was not found with 'libfbxsdk-md.lib(fbxsync.obj)' or at ''; linking object as if no debug info
libfbxsdk-md.lib(xmlHelper.obj) : warning LNK4099: PDB '' was not found with 'libfbxsdk-md.lib(xmlHelper.obj)' or at ''; linking object as if no debug info
libfbxsdk-md.lib(fbxstream.obj) : warning LNK4099: PDB '' was not found with 'libfbxsdk-md.lib(fbxstream.obj)' or at ''; linking object as if no debug info
libfbxsdk-md.lib(fbxreader.obj) : warning LNK4099: PDB '' was not found with 'libfbxsdk-md.lib(fbxreader.obj)' or at ''; linking object as if no debug info
libfbxsdk-md.lib(fbxanimcurvefiltertss.obj) : warning LNK4099: PDB '' was not found with 'libfbxsdk-md.lib(fbxanimcurvefiltertss.obj)' or at ''; linking object as if no debug info
libfbxsdk-md.lib(fbxanimutilities.obj) : warning LNK4099: PDB '' was not found with 'libfbxsdk-md.lib(fbxanimutilities.obj)' or at ''; linking object as if no debug info
libfbxsdk-md.lib(fbxmaterialconverter.obj) : warning LNK4099: PDB '' was not found with 'libfbxsdk-md.lib(fbxmaterialconverter.obj)' or at ''; linking object as if no debug info
libfbxsdk-md.lib(fbxrenamingstrategyfbx5.obj) : warning LNK4099: PDB '' was not found with 'libfbxsdk-md.lib(fbxrenamingstrategyfbx5.obj)' or at ''; linking object as if no debug info
libfbxsdk-md.lib(fbxscenecheckutility.obj) : warning LNK4099: PDB '' was not found with 'libfbxsdk-md.lib(fbxscenecheckutility.obj)' or at ''; linking object as if no debug info
libfbxsdk-md.lib(kfcurveutils.obj) : warning LNK4099: PDB '' was not found with 'libfbxsdk-md.lib(kfcurveutils.obj)' or at ''; linking object as if no debug info
libfbxsdk-md.lib(fbxbitset.obj) : warning LNK4099: PDB '' was not found with 'libfbxsdk-md.lib(fbxbitset.obj)' or at ''; linking object as if no debug info
libfbxsdk-md.lib(fbxsurfaceevaluator.obj) : warning LNK4099: PDB '' was not found with 'libfbxsdk-md.lib(fbxsurfaceevaluator.obj)' or at ''; linking object as if no debug info
libfbxsdk-md.lib(fbxnurbssurfaceevaluator.obj) : warning LNK4099: PDB '' was not found with 'libfbxsdk-md.lib(fbxnurbssurfaceevaluator.obj)' or at ''; linking object as if no debug info
libfbxsdk-md.lib(fbxuniformsurfaceutils.obj) : warning LNK4099: PDB '' was not found with 'libfbxsdk-md.lib(fbxuniformsurfaceutils.obj)' or at ''; linking object as if no debug info
libfbxsdk-md.lib(awTess2dConstrainedTriangulate.obj) : warning LNK4099: PDB '' was not found with 'libfbxsdk-md.lib(awTess2dConstrainedTriangulate.obj)' or at ''; linking object as if no debug info
libfbxsdk-md.lib(fbxanimcurvefilterkeysync.obj) : warning LNK4099: PDB '' was not found with 'libfbxsdk-md.lib(fbxanimcurvefilterkeysync.obj)' or at ''; linking object as if no debug info
libfbxsdk-md.lib(fbxanimcurvefilterresample.obj) : warning LNK4099: PDB '' was not found with 'libfbxsdk-md.lib(fbxanimcurvefilterresample.obj)' or at ''; linking object as if no debug info
libfbxsdk-md.lib(fbxdualquaternion.obj) : warning LNK4099: PDB '' was not found with 'libfbxsdk-md.lib(fbxdualquaternion.obj)' or at ''; linking object as if no debug info
libfbxsdk-md.lib(fbxcachedfile.obj) : warning LNK4099: PDB '' was not found with 'libfbxsdk-md.lib(fbxcachedfile.obj)' or at ''; linking object as if no debug info
libfbxsdk-md.lib(fbxreader3ds.obj) : warning LNK4099: PDB '' was not found with 'libfbxsdk-md.lib(fbxreader3ds.obj)' or at ''; linking object as if no debug info
libfbxsdk-md.lib(fbxwriter3ds.obj) : warning LNK4099: PDB '' was not found with 'libfbxsdk-md.lib(fbxwriter3ds.obj)' or at ''; linking object as if no debug info
libfbxsdk-md.lib(fbxreaderacclaimasf.obj) : warning LNK4099: PDB '' was not found with 'libfbxsdk-md.lib(fbxreaderacclaimasf.obj)' or at ''; linking object as if no debug info
libfbxsdk-md.lib(fbxreaderacclaimamc.obj) : warning LNK4099: PDB '' was not found with 'libfbxsdk-md.lib(fbxreaderacclaimamc.obj)' or at ''; linking object as if no debug info
libfbxsdk-md.lib(fbxwriteracclaimasf.obj) : warning LNK4099: PDB '' was not found with 'libfbxsdk-md.lib(fbxwriteracclaimasf.obj)' or at ''; linking object as if no debug info
libfbxsdk-md.lib(fbxwriteracclaimamc.obj) : warning LNK4099: PDB '' was not found with 'libfbxsdk-md.lib(fbxwriteracclaimamc.obj)' or at ''; linking object as if no debug info
libfbxsdk-md.lib(fbxreaderadaptiveoptics.obj) : warning LNK4099: PDB '' was not found with 'libfbxsdk-md.lib(fbxreaderadaptiveoptics.obj)' or at ''; linking object as if no debug info
libfbxsdk-md.lib(fbxwriteradaptiveoptics.obj) : warning LNK4099: PDB '' was not found with 'libfbxsdk-md.lib(fbxwriteradaptiveoptics.obj)' or at ''; linking object as if no debug info
libfbxsdk-md.lib(fbxreaderbiovision.obj) : warning LNK4099: PDB '' was not found with 'libfbxsdk-md.lib(fbxreaderbiovision.obj)' or at ''; linking object as if no debug info
libfbxsdk-md.lib(fbxwriterbiovision.obj) : warning LNK4099: PDB '' was not found with 'libfbxsdk-md.lib(fbxwriterbiovision.obj)' or at ''; linking object as if no debug info
libfbxsdk-md.lib(fbxreadercollada14.obj) : warning LNK4099: PDB '' was not found with 'libfbxsdk-md.lib(fbxreadercollada14.obj)' or at ''; linking object as if no debug info
libfbxsdk-md.lib(fbxwritercollada14.obj) : warning LNK4099: PDB '' was not found with 'libfbxsdk-md.lib(fbxwritercollada14.obj)' or at ''; linking object as if no debug info
libfbxsdk-md.lib(fbxreaderdxf.obj) : warning LNK4099: PDB '' was not found with 'libfbxsdk-md.lib(fbxreaderdxf.obj)' or at ''; linking object as if no debug info
libfbxsdk-md.lib(fbxwriterdxf.obj) : warning LNK4099: PDB '' was not found with 'libfbxsdk-md.lib(fbxwriterdxf.obj)' or at ''; linking object as if no debug info
libfbxsdk-md.lib(fbxreaderfbx6.obj) : warning LNK4099: PDB '' was not found with 'libfbxsdk-md.lib(fbxreaderfbx6.obj)' or at ''; linking object as if no debug info
libfbxsdk-md.lib(fbxreaderfbx7.obj) : warning LNK4099: PDB '' was not found with 'libfbxsdk-md.lib(fbxreaderfbx7.obj)' or at ''; linking object as if no debug info
libfbxsdk-md.lib(fbxwriterfbx6.obj) : warning LNK4099: PDB '' was not found with 'libfbxsdk-md.lib(fbxwriterfbx6.obj)' or at ''; linking object as if no debug info
libfbxsdk-md.lib(fbxwriterfbx7.obj) : warning LNK4099: PDB '' was not found with 'libfbxsdk-md.lib(fbxwriterfbx7.obj)' or at ''; linking object as if no debug info
libfbxsdk-md.lib(fbxreadermotionanalysishtr.obj) : warning LNK4099: PDB '' was not found with 'libfbxsdk-md.lib(fbxreadermotionanalysishtr.obj)' or at ''; linking object as if no debug info
libfbxsdk-md.lib(fbxreadermotionanalysistrc.obj) : warning LNK4099: PDB '' was not found with 'libfbxsdk-md.lib(fbxreadermotionanalysistrc.obj)' or at ''; linking object as if no debug info
libfbxsdk-md.lib(fbxwritermotionanalysishtr.obj) : warning LNK4099: PDB '' was not found with 'libfbxsdk-md.lib(fbxwritermotionanalysishtr.obj)' or at ''; linking object as if no debug info
libfbxsdk-md.lib(fbxwritermotionanalysistrc.obj) : warning LNK4099: PDB '' was not found with 'libfbxsdk-md.lib(fbxwritermotionanalysistrc.obj)' or at ''; linking object as if no debug info
libfbxsdk-md.lib(fbxreaderobj.obj) : warning LNK4099: PDB '' was not found with 'libfbxsdk-md.lib(fbxreaderobj.obj)' or at ''; linking object as if no debug info
libfbxsdk-md.lib(fbxwriterobj.obj) : warning LNK4099: PDB '' was not found with 'libfbxsdk-md.lib(fbxwriterobj.obj)' or at ''; linking object as if no debug info
libfbxsdk-md.lib(fbxreadervicon.obj) : warning LNK4099: PDB '' was not found with 'libfbxsdk-md.lib(fbxreadervicon.obj)' or at ''; linking object as if no debug info
libfbxsdk-md.lib(fbxwritervicon.obj) : warning LNK4099: PDB '' was not found with 'libfbxsdk-md.lib(fbxwritervicon.obj)' or at ''; linking object as if no debug info
libfbxsdk-md.lib(fbxreaderzip.obj) : warning LNK4099: PDB '' was not found with 'libfbxsdk-md.lib(fbxreaderzip.obj)' or at ''; linking object as if no debug info
libfbxsdk-md.lib(fbxalembicreader.obj) : warning LNK4099: PDB '' was not found with 'libfbxsdk-md.lib(fbxalembicreader.obj)' or at ''; linking object as if no debug info
libfbxsdk-md.lib(awString.obj) : warning LNK4099: PDB '' was not found with 'libfbxsdk-md.lib(awString.obj)' or at ''; linking object as if no debug info
libfbxsdk-md.lib(awCacheFileAccessor.obj) : warning LNK4099: PDB '' was not found with 'libfbxsdk-md.lib(awCacheFileAccessor.obj)' or at ''; linking object as if no debug info
libfbxsdk-md.lib(awCacheFileIffIO.obj) : warning LNK4099: PDB '' was not found with 'libfbxsdk-md.lib(awCacheFileIffIO.obj)' or at ''; linking object as if no debug info
libfbxsdk-md.lib(awOSFilename.obj) : warning LNK4099: PDB '' was not found with 'libfbxsdk-md.lib(awOSFilename.obj)' or at ''; linking object as if no debug info
libfbxsdk-md.lib(fbxentryview.obj) : warning LNK4099: PDB '' was not found with 'libfbxsdk-md.lib(fbxentryview.obj)' or at ''; linking object as if no debug info
libfbxsdk-md.lib(TimeSampling.obj) : warning LNK4099: PDB '' was not found with 'libfbxsdk-md.lib(TimeSampling.obj)' or at ''; linking object as if no debug info
libfbxsdk-md.lib(ISampleSelector.obj) : warning LNK4099: PDB '' was not found with 'libfbxsdk-md.lib(ISampleSelector.obj)' or at ''; linking object as if no debug info
libfbxsdk-md.lib(ReadWrite.obj) : warning LNK4099: PDB '' was not found with 'libfbxsdk-md.lib(ReadWrite.obj)' or at ''; linking object as if no debug info
libfbxsdk-md.lib(Read.obj) : warning LNK4099: PDB '' was not found with 'libfbxsdk-md.lib(Read.obj)' or at ''; linking object as if no debug info
libfbxsdk-md.lib(IexBaseExc.obj) : warning LNK4099: PDB '' was not found with 'libfbxsdk-md.lib(IexBaseExc.obj)' or at ''; linking object as if no debug info
libfbxsdk-md.lib(ImathExc.obj) : warning LNK4099: PDB '' was not found with 'libfbxsdk-md.lib(ImathExc.obj)' or at ''; linking object as if no debug info
libfbxsdk-md.lib(XformOp.obj) : warning LNK4099: PDB '' was not found with 'libfbxsdk-md.lib(XformOp.obj)' or at ''; linking object as if no debug info
libfbxsdk-md.lib(IPolyMesh.obj) : warning LNK4099: PDB '' was not found with 'libfbxsdk-md.lib(IPolyMesh.obj)' or at ''; linking object as if no debug info
libfbxsdk-md.lib(IMaterial.obj) : warning LNK4099: PDB '' was not found with 'libfbxsdk-md.lib(IMaterial.obj)' or at ''; linking object as if no debug info
libfbxsdk-md.lib(fbxalembicutils.obj) : warning LNK4099: PDB '' was not found with 'libfbxsdk-md.lib(fbxalembicutils.obj)' or at ''; linking object as if no debug info
libfbxsdk-md.lib(ICurves.obj) : warning LNK4099: PDB '' was not found with 'libfbxsdk-md.lib(ICurves.obj)' or at ''; linking object as if no debug info
libfbxsdk-md.lib(INuPatch.obj) : warning LNK4099: PDB '' was not found with 'libfbxsdk-md.lib(INuPatch.obj)' or at ''; linking object as if no debug info
libfbxsdk-md.lib(ISubD.obj) : warning LNK4099: PDB '' was not found with 'libfbxsdk-md.lib(ISubD.obj)' or at ''; linking object as if no debug info
libfbxsdk-md.lib(fbxatomic.obj) : warning LNK4099: PDB '' was not found with 'libfbxsdk-md.lib(fbxatomic.obj)' or at ''; linking object as if no debug info
libfbxsdk-md.lib(kfcurvefilter.obj) : warning LNK4099: PDB '' was not found with 'libfbxsdk-md.lib(kfcurvefilter.obj)' or at ''; linking object as if no debug info
libfbxsdk-md.lib(kfcurvefilterconstkeyredu.obj) : warning LNK4099: PDB '' was not found with 'libfbxsdk-md.lib(kfcurvefilterconstkeyredu.obj)' or at ''; linking object as if no debug info
libfbxsdk-md.lib(kfcurvefiltergimblekiller.obj) : warning LNK4099: PDB '' was not found with 'libfbxsdk-md.lib(kfcurvefiltergimblekiller.obj)' or at ''; linking object as if no debug info
libfbxsdk-md.lib(kfcurvefilterunroll.obj) : warning LNK4099: PDB '' was not found with 'libfbxsdk-md.lib(kfcurvefilterunroll.obj)' or at ''; linking object as if no debug info
libfbxsdk-md.lib(fbxclock.obj) : warning LNK4099: PDB '' was not found with 'libfbxsdk-md.lib(fbxclock.obj)' or at ''; linking object as if no debug info
libfbxsdk-md.lib(fbxnodefinder.obj) : warning LNK4099: PDB '' was not found with 'libfbxsdk-md.lib(fbxnodefinder.obj)' or at ''; linking object as if no debug info
libfbxsdk-md.lib(fbxnodefinderduplicatename.obj) : warning LNK4099: PDB '' was not found with 'libfbxsdk-md.lib(fbxnodefinderduplicatename.obj)' or at ''; linking object as if no debug info
libfbxsdk-md.lib(fbxrenamingstrategybase.obj) : warning LNK4099: PDB '' was not found with 'libfbxsdk-md.lib(fbxrenamingstrategybase.obj)' or at ''; linking object as if no debug info
libfbxsdk-md.lib(awLinear.obj) : warning LNK4099: PDB '' was not found with 'libfbxsdk-md.lib(awLinear.obj)' or at ''; linking object as if no debug info
libfbxsdk-md.lib(awLinearPoint2.obj) : warning LNK4099: PDB '' was not found with 'libfbxsdk-md.lib(awLinearPoint2.obj)' or at ''; linking object as if no debug info
libfbxsdk-md.lib(awLinearVector2.obj) : warning LNK4099: PDB '' was not found with 'libfbxsdk-md.lib(awLinearVector2.obj)' or at ''; linking object as if no debug info
libfbxsdk-md.lib(awLinearVector.obj) : warning LNK4099: PDB '' was not found with 'libfbxsdk-md.lib(awLinearVector.obj)' or at ''; linking object as if no debug info
libfbxsdk-md.lib(awLinearNormal.obj) : warning LNK4099: PDB '' was not found with 'libfbxsdk-md.lib(awLinearNormal.obj)' or at ''; linking object as if no debug info
libfbxsdk-md.lib(awLinearParamPlane.obj) : warning LNK4099: PDB '' was not found with 'libfbxsdk-md.lib(awLinearParamPlane.obj)' or at ''; linking object as if no debug info
libfbxsdk-md.lib(awLinearRange2d.obj) : warning LNK4099: PDB '' was not found with 'libfbxsdk-md.lib(awLinearRange2d.obj)' or at ''; linking object as if no debug info
libfbxsdk-md.lib(awGeomTopoMesh.obj) : warning LNK4099: PDB '' was not found with 'libfbxsdk-md.lib(awGeomTopoMesh.obj)' or at ''; linking object as if no debug info
libfbxsdk-md.lib(awGeomTopoMeshIterators.obj) : warning LNK4099: PDB '' was not found with 'libfbxsdk-md.lib(awGeomTopoMeshIterators.obj)' or at ''; linking object as if no debug info
libfbxsdk-md.lib(fbxanimcurvefilterkeyreducer.obj) : warning LNK4099: PDB '' was not found with 'libfbxsdk-md.lib(fbxanimcurvefilterkeyreducer.obj)' or at ''; linking object as if no debug info
libfbxsdk-md.lib(3dserr.obj) : warning LNK4099: PDB '' was not found with 'libfbxsdk-md.lib(3dserr.obj)' or at ''; linking object as if no debug info
libfbxsdk-md.lib(3dsfile.obj) : warning LNK4099: PDB '' was not found with 'libfbxsdk-md.lib(3dsfile.obj)' or at ''; linking object as if no debug info
libfbxsdk-md.lib(dbase3ds.obj) : warning LNK4099: PDB '' was not found with 'libfbxsdk-md.lib(dbase3ds.obj)' or at ''; linking object as if no debug info
libfbxsdk-md.lib(3dsmset.obj) : warning LNK4099: PDB '' was not found with 'libfbxsdk-md.lib(3dsmset.obj)' or at ''; linking object as if no debug info
libfbxsdk-md.lib(3dsbgnd.obj) : warning LNK4099: PDB '' was not found with 'libfbxsdk-md.lib(3dsbgnd.obj)' or at ''; linking object as if no debug info
libfbxsdk-md.lib(3dsmatr.obj) : warning LNK4099: PDB '' was not found with 'libfbxsdk-md.lib(3dsmatr.obj)' or at ''; linking object as if no debug info
libfbxsdk-md.lib(3dsmobj.obj) : warning LNK4099: PDB '' was not found with 'libfbxsdk-md.lib(3dsmobj.obj)' or at ''; linking object as if no debug info
libfbxsdk-md.lib(3dslites.obj) : warning LNK4099: PDB '' was not found with 'libfbxsdk-md.lib(3dslites.obj)' or at ''; linking object as if no debug info
libfbxsdk-md.lib(3dscamr.obj) : warning LNK4099: PDB '' was not found with 'libfbxsdk-md.lib(3dscamr.obj)' or at ''; linking object as if no debug info
libfbxsdk-md.lib(3dscamm.obj) : warning LNK4099: PDB '' was not found with 'libfbxsdk-md.lib(3dscamm.obj)' or at ''; linking object as if no debug info
libfbxsdk-md.lib(3dsobjm.obj) : warning LNK4099: PDB '' was not found with 'libfbxsdk-md.lib(3dsobjm.obj)' or at ''; linking object as if no debug info
libfbxsdk-md.lib(3dsomnm.obj) : warning LNK4099: PDB '' was not found with 'libfbxsdk-md.lib(3dsomnm.obj)' or at ''; linking object as if no debug info
libfbxsdk-md.lib(3dssptm.obj) : warning LNK4099: PDB '' was not found with 'libfbxsdk-md.lib(3dssptm.obj)' or at ''; linking object as if no debug info
libfbxsdk-md.lib(fbxrenamingstrategy.obj) : warning LNK4099: PDB '' was not found with 'libfbxsdk-md.lib(fbxrenamingstrategy.obj)' or at ''; linking object as if no debug info
libfbxsdk-md.lib(3dsiobj.obj) : warning LNK4099: PDB '' was not found with 'libfbxsdk-md.lib(3dsiobj.obj)' or at ''; linking object as if no debug info
libfbxsdk-md.lib(3dsrobj.obj) : warning LNK4099: PDB '' was not found with 'libfbxsdk-md.lib(3dsrobj.obj)' or at ''; linking object as if no debug info
libfbxsdk-md.lib(3dskey.obj) : warning LNK4099: PDB '' was not found with 'libfbxsdk-md.lib(3dskey.obj)' or at ''; linking object as if no debug info
libfbxsdk-md.lib(fbxtextfile.obj) : warning LNK4099: PDB '' was not found with 'libfbxsdk-md.lib(fbxtextfile.obj)' or at ''; linking object as if no debug info
libfbxsdk-md.lib(fbxfileacclaimasf.obj) : warning LNK4099: PDB '' was not found with 'libfbxsdk-md.lib(fbxfileacclaimasf.obj)' or at ''; linking object as if no debug info
libfbxsdk-md.lib(fbxfileacclaimamc.obj) : warning LNK4099: PDB '' was not found with 'libfbxsdk-md.lib(fbxfileacclaimamc.obj)' or at ''; linking object as if no debug info
libfbxsdk-md.lib(fbxreadermotionbase.obj) : warning LNK4099: PDB '' was not found with 'libfbxsdk-md.lib(fbxreadermotionbase.obj)' or at ''; linking object as if no debug info
libfbxsdk-md.lib(fbxfileadaptiveoptics.obj) : warning LNK4099: PDB '' was not found with 'libfbxsdk-md.lib(fbxfileadaptiveoptics.obj)' or at ''; linking object as if no debug info
libfbxsdk-md.lib(fbxwritermotionbase.obj) : warning LNK4099: PDB '' was not found with 'libfbxsdk-md.lib(fbxwritermotionbase.obj)' or at ''; linking object as if no debug info
libfbxsdk-md.lib(fbxfilebiovision.obj) : warning LNK4099: PDB '' was not found with 'libfbxsdk-md.lib(fbxfilebiovision.obj)' or at ''; linking object as if no debug info
libfbxsdk-md.lib(fbxsemanticentryview.obj) : warning LNK4099: PDB '' was not found with 'libfbxsdk-md.lib(fbxsemanticentryview.obj)' or at ''; linking object as if no debug info
libfbxsdk-md.lib(fbxcolladaiostream.obj) : warning LNK4099: PDB '' was not found with 'libfbxsdk-md.lib(fbxcolladaiostream.obj)' or at ''; linking object as if no debug info
libfbxsdk-md.lib(fbxcolladautils.obj) : warning LNK4099: PDB '' was not found with 'libfbxsdk-md.lib(fbxcolladautils.obj)' or at ''; linking object as if no debug info
libfbxsdk-md.lib(fbxcolladanamespace.obj) : warning LNK4099: PDB '' was not found with 'libfbxsdk-md.lib(fbxcolladanamespace.obj)' or at ''; linking object as if no debug info
libfbxsdk-md.lib(fbxcolladaelement.obj) : warning LNK4099: PDB '' was not found with 'libfbxsdk-md.lib(fbxcolladaelement.obj)' or at ''; linking object as if no debug info
libfbxsdk-md.lib(fbxcolladaanimationelement.obj) : warning LNK4099: PDB '' was not found with 'libfbxsdk-md.lib(fbxcolladaanimationelement.obj)' or at ''; linking object as if no debug info
libfbxsdk-md.lib(fbxrenamingstrategyfbx6.obj) : warning LNK4099: PDB '' was not found with 'libfbxsdk-md.lib(fbxrenamingstrategyfbx6.obj)' or at ''; linking object as if no debug info
libfbxsdk-md.lib(fbxembeddedfilesaccumulator.obj) : warning LNK4099: PDB '' was not found with 'libfbxsdk-md.lib(fbxembeddedfilesaccumulator.obj)' or at ''; linking object as if no debug info
libfbxsdk-md.lib(fbxfilemotionanalysishtr.obj) : warning LNK4099: PDB '' was not found with 'libfbxsdk-md.lib(fbxfilemotionanalysishtr.obj)' or at ''; linking object as if no debug info
libfbxsdk-md.lib(fbxfilemotionanalysistrc.obj) : warning LNK4099: PDB '' was not found with 'libfbxsdk-md.lib(fbxfilemotionanalysistrc.obj)' or at ''; linking object as if no debug info
libfbxsdk-md.lib(fbxfilevicon.obj) : warning LNK4099: PDB '' was not found with 'libfbxsdk-md.lib(fbxfilevicon.obj)' or at ''; linking object as if no debug info
libfbxsdk-md.lib(unzip.obj) : warning LNK4099: PDB '' was not found with 'libfbxsdk-md.lib(unzip.obj)' or at ''; linking object as if no debug info
libfbxsdk-md.lib(awStringCType.obj) : warning LNK4099: PDB '' was not found with 'libfbxsdk-md.lib(awStringCType.obj)' or at ''; linking object as if no debug info
libfbxsdk-md.lib(awStringConvert.obj) : warning LNK4099: PDB '' was not found with 'libfbxsdk-md.lib(awStringConvert.obj)' or at ''; linking object as if no debug info
libfbxsdk-md.lib(al_nprintf.obj) : warning LNK4099: PDB '' was not found with 'libfbxsdk-md.lib(al_nprintf.obj)' or at ''; linking object as if no debug info
libfbxsdk-md.lib(awhashfunction.obj) : warning LNK4099: PDB '' was not found with 'libfbxsdk-md.lib(awhashfunction.obj)' or at ''; linking object as if no debug info
libfbxsdk-md.lib(awCacheChannel.obj) : warning LNK4099: PDB '' was not found with 'libfbxsdk-md.lib(awCacheChannel.obj)' or at ''; linking object as if no debug info
libfbxsdk-md.lib(awCacheDescriptionIO.obj) : warning LNK4099: PDB '' was not found with 'libfbxsdk-md.lib(awCacheDescriptionIO.obj)' or at ''; linking object as if no debug info
libfbxsdk-md.lib(awUtilError.obj) : warning LNK4099: PDB '' was not found with 'libfbxsdk-md.lib(awUtilError.obj)' or at ''; linking object as if no debug info
libfbxsdk-md.lib(awOSFile.obj) : warning LNK4099: PDB '' was not found with 'libfbxsdk-md.lib(awOSFile.obj)' or at ''; linking object as if no debug info
libfbxsdk-md.lib(awOSFileFactory.obj) : warning LNK4099: PDB '' was not found with 'libfbxsdk-md.lib(awOSFileFactory.obj)' or at ''; linking object as if no debug info
libfbxsdk-md.lib(awCacheFileIO.obj) : warning LNK4099: PDB '' was not found with 'libfbxsdk-md.lib(awCacheFileIO.obj)' or at ''; linking object as if no debug info
libfbxsdk-md.lib(awIffTag.obj) : warning LNK4099: PDB '' was not found with 'libfbxsdk-md.lib(awIffTag.obj)' or at ''; linking object as if no debug info
libfbxsdk-md.lib(awIffFile4.obj) : warning LNK4099: PDB '' was not found with 'libfbxsdk-md.lib(awIffFile4.obj)' or at ''; linking object as if no debug info
libfbxsdk-md.lib(awIffFile8.obj) : warning LNK4099: PDB '' was not found with 'libfbxsdk-md.lib(awIffFile8.obj)' or at ''; linking object as if no debug info
libfbxsdk-md.lib(TimeSamplingType.obj) : warning LNK4099: PDB '' was not found with 'libfbxsdk-md.lib(TimeSamplingType.obj)' or at ''; linking object as if no debug info
libfbxsdk-md.lib(AwImpl.obj) : warning LNK4099: PDB '' was not found with 'libfbxsdk-md.lib(AwImpl.obj)' or at ''; linking object as if no debug info
libfbxsdk-md.lib(ArImpl.cpp.obj) : warning LNK4099: PDB '' was not found with 'libfbxsdk-md.lib(ArImpl.cpp.obj)' or at ''; linking object as if no debug info
libfbxsdk-md.lib(ArImpl.cpp.obj) : warning LNK4099: PDB '' was not found with 'libfbxsdk-md.lib(ArImpl.cpp.obj)' or at ''; linking object as if no debug info
libfbxsdk-md.lib(IFaceSet.obj) : warning LNK4099: PDB '' was not found with 'libfbxsdk-md.lib(IFaceSet.obj)' or at ''; linking object as if no debug info
libfbxsdk-md.lib(InternalUtil.obj) : warning LNK4099: PDB '' was not found with 'libfbxsdk-md.lib(InternalUtil.obj)' or at ''; linking object as if no debug info
libfbxsdk-md.lib(kfcurvefilterkeysync.obj) : warning LNK4099: PDB '' was not found with 'libfbxsdk-md.lib(kfcurvefilterkeysync.obj)' or at ''; linking object as if no debug info
libfbxsdk-md.lib(awLinearAffineMatrix.obj) : warning LNK4099: PDB '' was not found with 'libfbxsdk-md.lib(awLinearAffineMatrix.obj)' or at ''; linking object as if no debug info
libfbxsdk-md.lib(awLinearPoint.obj) : warning LNK4099: PDB '' was not found with 'libfbxsdk-md.lib(awLinearPoint.obj)' or at ''; linking object as if no debug info
libfbxsdk-md.lib(awLinearLine.obj) : warning LNK4099: PDB '' was not found with 'libfbxsdk-md.lib(awLinearLine.obj)' or at ''; linking object as if no debug info
libfbxsdk-md.lib(awLinearParamLine.obj) : warning LNK4099: PDB '' was not found with 'libfbxsdk-md.lib(awLinearParamLine.obj)' or at ''; linking object as if no debug info
libfbxsdk-md.lib(awLinearPlane.obj) : warning LNK4099: PDB '' was not found with 'libfbxsdk-md.lib(awLinearPlane.obj)' or at ''; linking object as if no debug info
libfbxsdk-md.lib(awLinearRange1d.obj) : warning LNK4099: PDB '' was not found with 'libfbxsdk-md.lib(awLinearRange1d.obj)' or at ''; linking object as if no debug info
libfbxsdk-md.lib(awLinearRange3d.obj) : warning LNK4099: PDB '' was not found with 'libfbxsdk-md.lib(awLinearRange3d.obj)' or at ''; linking object as if no debug info
libfbxsdk-md.lib(awOSFSAllocator.obj) : warning LNK4099: PDB '' was not found with 'libfbxsdk-md.lib(awOSFSAllocator.obj)' or at ''; linking object as if no debug info
libfbxsdk-md.lib(smartall.obj) : warning LNK4099: PDB '' was not found with 'libfbxsdk-md.lib(smartall.obj)' or at ''; linking object as if no debug info
libfbxsdk-md.lib(strdup.obj) : warning LNK4099: PDB '' was not found with 'libfbxsdk-md.lib(strdup.obj)' or at ''; linking object as if no debug info
libfbxsdk-md.lib(assert.obj) : warning LNK4099: PDB '' was not found with 'libfbxsdk-md.lib(assert.obj)' or at ''; linking object as if no debug info
libfbxsdk-md.lib(3dsstrlf.obj) : warning LNK4099: PDB '' was not found with 'libfbxsdk-md.lib(3dsstrlf.obj)' or at ''; linking object as if no debug info
libfbxsdk-md.lib(3dsprim.obj) : warning LNK4099: PDB '' was not found with 'libfbxsdk-md.lib(3dsprim.obj)' or at ''; linking object as if no debug info
libfbxsdk-md.lib(chunk3ds.obj) : warning LNK4099: PDB '' was not found with 'libfbxsdk-md.lib(chunk3ds.obj)' or at ''; linking object as if no debug info
libfbxsdk-md.lib(seekchil.obj) : warning LNK4099: PDB '' was not found with 'libfbxsdk-md.lib(seekchil.obj)' or at ''; linking object as if no debug info
libfbxsdk-md.lib(3dshier.obj) : warning LNK4099: PDB '' was not found with 'libfbxsdk-md.lib(3dshier.obj)' or at ''; linking object as if no debug info
libfbxsdk-md.lib(3dsvers.obj) : warning LNK4099: PDB '' was not found with 'libfbxsdk-md.lib(3dsvers.obj)' or at ''; linking object as if no debug info
libfbxsdk-md.lib(kfutils.obj) : warning LNK4099: PDB '' was not found with 'libfbxsdk-md.lib(kfutils.obj)' or at ''; linking object as if no debug info
libfbxsdk-md.lib(fbxanimcurvefiltergimblekiller.obj) : warning LNK4099: PDB '' was not found with 'libfbxsdk-md.lib(fbxanimcurvefiltergimblekiller.obj)' or at ''; linking object as if no debug info
libfbxsdk-md.lib(fbxuniquenameobjectlist.obj) : warning LNK4099: PDB '' was not found with 'libfbxsdk-md.lib(fbxuniquenameobjectlist.obj)' or at ''; linking object as if no debug info
libfbxsdk-md.lib(fbxviconbase.obj) : warning LNK4099: PDB '' was not found with 'libfbxsdk-md.lib(fbxviconbase.obj)' or at ''; linking object as if no debug info
libfbxsdk-md.lib(ioapi.obj) : warning LNK4099: PDB '' was not found with 'libfbxsdk-md.lib(ioapi.obj)' or at ''; linking object as if no debug info
libfbxsdk-md.lib(awCacheData.obj) : warning LNK4099: PDB '' was not found with 'libfbxsdk-md.lib(awCacheData.obj)' or at ''; linking object as if no debug info
libfbxsdk-md.lib(awOSFileStatus.obj) : warning LNK4099: PDB '' was not found with 'libfbxsdk-md.lib(awOSFileStatus.obj)' or at ''; linking object as if no debug info
libfbxsdk-md.lib(awOSIOStream.obj) : warning LNK4099: PDB '' was not found with 'libfbxsdk-md.lib(awOSIOStream.obj)' or at ''; linking object as if no debug info
libfbxsdk-md.lib(awOSFileTransport.obj) : warning LNK4099: PDB '' was not found with 'libfbxsdk-md.lib(awOSFileTransport.obj)' or at ''; linking object as if no debug info
libfbxsdk-md.lib(awUtilInitializer.obj) : warning LNK4099: PDB '' was not found with 'libfbxsdk-md.lib(awUtilInitializer.obj)' or at ''; linking object as if no debug info
libfbxsdk-md.lib(awOSLocalFileTransport.obj) : warning LNK4099: PDB '' was not found with 'libfbxsdk-md.lib(awOSLocalFileTransport.obj)' or at ''; linking object as if no debug info
libfbxsdk-md.lib(iff_minfo.obj) : warning LNK4099: PDB '' was not found with 'libfbxsdk-md.lib(iff_minfo.obj)' or at ''; linking object as if no debug info
libfbxsdk-md.lib(iff_oserror.obj) : warning LNK4099: PDB '' was not found with 'libfbxsdk-md.lib(iff_oserror.obj)' or at ''; linking object as if no debug info
libfbxsdk-md.lib(iff_flibopen.obj) : warning LNK4099: PDB '' was not found with 'libfbxsdk-md.lib(iff_flibopen.obj)' or at ''; linking object as if no debug info
libfbxsdk-md.lib(iff_flush.obj) : warning LNK4099: PDB '' was not found with 'libfbxsdk-md.lib(iff_flush.obj)' or at ''; linking object as if no debug info
libfbxsdk-md.lib(iff_seek.obj) : warning LNK4099: PDB '' was not found with 'libfbxsdk-md.lib(iff_seek.obj)' or at ''; linking object as if no debug info
libfbxsdk-md.lib(iff_settmp.obj) : warning LNK4099: PDB '' was not found with 'libfbxsdk-md.lib(iff_settmp.obj)' or at ''; linking object as if no debug info
libfbxsdk-md.lib(iff_istty.obj) : warning LNK4099: PDB '' was not found with 'libfbxsdk-md.lib(iff_istty.obj)' or at ''; linking object as if no debug info
libfbxsdk-md.lib(iff_read.obj) : warning LNK4099: PDB '' was not found with 'libfbxsdk-md.lib(iff_read.obj)' or at ''; linking object as if no debug info
libfbxsdk-md.lib(iff_unread.obj) : warning LNK4099: PDB '' was not found with 'libfbxsdk-md.lib(iff_unread.obj)' or at ''; linking object as if no debug info
libfbxsdk-md.lib(iff_bgnread.obj) : warning LNK4099: PDB '' was not found with 'libfbxsdk-md.lib(iff_bgnread.obj)' or at ''; linking object as if no debug info
libfbxsdk-md.lib(iff_write.obj) : warning LNK4099: PDB '' was not found with 'libfbxsdk-md.lib(iff_write.obj)' or at ''; linking object as if no debug info
libfbxsdk-md.lib(iff_bgnwrite.obj) : warning LNK4099: PDB '' was not found with 'libfbxsdk-md.lib(iff_bgnwrite.obj)' or at ''; linking object as if no debug info
libfbxsdk-md.lib(iff_edit.obj) : warning LNK4099: PDB '' was not found with 'libfbxsdk-md.lib(iff_edit.obj)' or at ''; linking object as if no debug info
libfbxsdk-md.lib(iff_bgnget.obj) : warning LNK4099: PDB '' was not found with 'libfbxsdk-md.lib(iff_bgnget.obj)' or at ''; linking object as if no debug info
libfbxsdk-md.lib(iff_sget.obj) : warning LNK4099: PDB '' was not found with 'libfbxsdk-md.lib(iff_sget.obj)' or at ''; linking object as if no debug info
libfbxsdk-md.lib(iff_bgnput.obj) : warning LNK4099: PDB '' was not found with 'libfbxsdk-md.lib(iff_bgnput.obj)' or at ''; linking object as if no debug info
libfbxsdk-md.lib(iff_readchunk.obj) : warning LNK4099: PDB '' was not found with 'libfbxsdk-md.lib(iff_readchunk.obj)' or at ''; linking object as if no debug info
libfbxsdk-md.lib(iff_getchunk.obj) : warning LNK4099: PDB '' was not found with 'libfbxsdk-md.lib(iff_getchunk.obj)' or at ''; linking object as if no debug info
libfbxsdk-md.lib(iff_putchunk.obj) : warning LNK4099: PDB '' was not found with 'libfbxsdk-md.lib(iff_putchunk.obj)' or at ''; linking object as if no debug info
libfbxsdk-md.lib(iff_bgnwbchunk.obj) : warning LNK4099: PDB '' was not found with 'libfbxsdk-md.lib(iff_bgnwbchunk.obj)' or at ''; linking object as if no debug info
libfbxsdk-md.lib(iff_bgnrgroup.obj) : warning LNK4099: PDB '' was not found with 'libfbxsdk-md.lib(iff_bgnrgroup.obj)' or at ''; linking object as if no debug info
libfbxsdk-md.lib(iff_bgnwgroup.obj) : warning LNK4099: PDB '' was not found with 'libfbxsdk-md.lib(iff_bgnwgroup.obj)' or at ''; linking object as if no debug info
libfbxsdk-md.lib(iff_skipgroup.obj) : warning LNK4099: PDB '' was not found with 'libfbxsdk-md.lib(iff_skipgroup.obj)' or at ''; linking object as if no debug info
libfbxsdk-md.lib(iff_gets.obj) : warning LNK4099: PDB '' was not found with 'libfbxsdk-md.lib(iff_gets.obj)' or at ''; linking object as if no debug info
libfbxsdk-md.lib(iff_puts.obj) : warning LNK4099: PDB '' was not found with 'libfbxsdk-md.lib(iff_puts.obj)' or at ''; linking object as if no debug info
libfbxsdk-md.lib(awIffFile.obj) : warning LNK4099: PDB '' was not found with 'libfbxsdk-md.lib(awIffFile.obj)' or at ''; linking object as if no debug info
libfbxsdk-md.lib(iff_errno.obj) : warning LNK4099: PDB '' was not found with 'libfbxsdk-md.lib(iff_errno.obj)' or at ''; linking object as if no debug info
libfbxsdk-md.lib(iff_minfo8.obj) : warning LNK4099: PDB '' was not found with 'libfbxsdk-md.lib(iff_minfo8.obj)' or at ''; linking object as if no debug info
libfbxsdk-md.lib(iff_flibopen8.obj) : warning LNK4099: PDB '' was not found with 'libfbxsdk-md.lib(iff_flibopen8.obj)' or at ''; linking object as if no debug info
libfbxsdk-md.lib(iff_flush8.obj) : warning LNK4099: PDB '' was not found with 'libfbxsdk-md.lib(iff_flush8.obj)' or at ''; linking object as if no debug info
libfbxsdk-md.lib(iff_seek8.obj) : warning LNK4099: PDB '' was not found with 'libfbxsdk-md.lib(iff_seek8.obj)' or at ''; linking object as if no debug info
libfbxsdk-md.lib(iff_settmp8.obj) : warning LNK4099: PDB '' was not found with 'libfbxsdk-md.lib(iff_settmp8.obj)' or at ''; linking object as if no debug info
libfbxsdk-md.lib(iff_istty8.obj) : warning LNK4099: PDB '' was not found with 'libfbxsdk-md.lib(iff_istty8.obj)' or at ''; linking object as if no debug info
libfbxsdk-md.lib(iff_read8.obj) : warning LNK4099: PDB '' was not found with 'libfbxsdk-md.lib(iff_read8.obj)' or at ''; linking object as if no debug info
libfbxsdk-md.lib(iff_unread8.obj) : warning LNK4099: PDB '' was not found with 'libfbxsdk-md.lib(iff_unread8.obj)' or at ''; linking object as if no debug info
libfbxsdk-md.lib(iff_bgnread8.obj) : warning LNK4099: PDB '' was not found with 'libfbxsdk-md.lib(iff_bgnread8.obj)' or at ''; linking object as if no debug info
libfbxsdk-md.lib(iff_write8.obj) : warning LNK4099: PDB '' was not found with 'libfbxsdk-md.lib(iff_write8.obj)' or at ''; linking object as if no debug info
libfbxsdk-md.lib(iff_bgnwrite8.obj) : warning LNK4099: PDB '' was not found with 'libfbxsdk-md.lib(iff_bgnwrite8.obj)' or at ''; linking object as if no debug info
libfbxsdk-md.lib(iff_edit8.obj) : warning LNK4099: PDB '' was not found with 'libfbxsdk-md.lib(iff_edit8.obj)' or at ''; linking object as if no debug info
libfbxsdk-md.lib(iff_bgnget8.obj) : warning LNK4099: PDB '' was not found with 'libfbxsdk-md.lib(iff_bgnget8.obj)' or at ''; linking object as if no debug info
libfbxsdk-md.lib(iff_sget8.obj) : warning LNK4099: PDB '' was not found with 'libfbxsdk-md.lib(iff_sget8.obj)' or at ''; linking object as if no debug info
libfbxsdk-md.lib(iff_bgnput8.obj) : warning LNK4099: PDB '' was not found with 'libfbxsdk-md.lib(iff_bgnput8.obj)' or at ''; linking object as if no debug info
libfbxsdk-md.lib(iff_readchunk8.obj) : warning LNK4099: PDB '' was not found with 'libfbxsdk-md.lib(iff_readchunk8.obj)' or at ''; linking object as if no debug info
libfbxsdk-md.lib(iff_getchunk8.obj) : warning LNK4099: PDB '' was not found with 'libfbxsdk-md.lib(iff_getchunk8.obj)' or at ''; linking object as if no debug info
libfbxsdk-md.lib(iff_putchunk8.obj) : warning LNK4099: PDB '' was not found with 'libfbxsdk-md.lib(iff_putchunk8.obj)' or at ''; linking object as if no debug info
libfbxsdk-md.lib(iff_bgnwbchunk8.obj) : warning LNK4099: PDB '' was not found with 'libfbxsdk-md.lib(iff_bgnwbchunk8.obj)' or at ''; linking object as if no debug info
libfbxsdk-md.lib(iff_bgnrgroup8.obj) : warning LNK4099: PDB '' was not found with 'libfbxsdk-md.lib(iff_bgnrgroup8.obj)' or at ''; linking object as if no debug info
libfbxsdk-md.lib(iff_bgnwgroup8.obj) : warning LNK4099: PDB '' was not found with 'libfbxsdk-md.lib(iff_bgnwgroup8.obj)' or at ''; linking object as if no debug info
libfbxsdk-md.lib(iff_skipgroup8.obj) : warning LNK4099: PDB '' was not found with 'libfbxsdk-md.lib(iff_skipgroup8.obj)' or at ''; linking object as if no debug info
libfbxsdk-md.lib(iff_gets8.obj) : warning LNK4099: PDB '' was not found with 'libfbxsdk-md.lib(iff_gets8.obj)' or at ''; linking object as if no debug info
libfbxsdk-md.lib(iff_puts8.obj) : warning LNK4099: PDB '' was not found with 'libfbxsdk-md.lib(iff_puts8.obj)' or at ''; linking object as if no debug info
libfbxsdk-md.lib(TokenMap.obj) : warning LNK4099: PDB '' was not found with 'libfbxsdk-md.lib(TokenMap.obj)' or at ''; linking object as if no debug info
libfbxsdk-md.lib(Foundation.obj) : warning LNK4099: PDB '' was not found with 'libfbxsdk-md.lib(Foundation.obj)' or at ''; linking object as if no debug info
libfbxsdk-md.lib(ArchiveWriter.obj) : warning LNK4099: PDB '' was not found with 'libfbxsdk-md.lib(ArchiveWriter.obj)' or at ''; linking object as if no debug info
libfbxsdk-md.lib(OData.obj) : warning LNK4099: PDB '' was not found with 'libfbxsdk-md.lib(OData.obj)' or at ''; linking object as if no debug info
libfbxsdk-md.lib(OGroup.obj) : warning LNK4099: PDB '' was not found with 'libfbxsdk-md.lib(OGroup.obj)' or at ''; linking object as if no debug info
libfbxsdk-md.lib(OArchive.cpp.obj) : warning LNK4099: PDB '' was not found with 'libfbxsdk-md.lib(OArchive.cpp.obj)' or at ''; linking object as if no debug info
libfbxsdk-md.lib(MetaDataMap.obj) : warning LNK4099: PDB '' was not found with 'libfbxsdk-md.lib(MetaDataMap.obj)' or at ''; linking object as if no debug info
libfbxsdk-md.lib(WriteUtil.obj) : warning LNK4099: PDB '' was not found with 'libfbxsdk-md.lib(WriteUtil.obj)' or at ''; linking object as if no debug info
libfbxsdk-md.lib(OwData.obj) : warning LNK4099: PDB '' was not found with 'libfbxsdk-md.lib(OwData.obj)' or at ''; linking object as if no debug info
libfbxsdk-md.lib(OwImpl.obj) : warning LNK4099: PDB '' was not found with 'libfbxsdk-md.lib(OwImpl.obj)' or at ''; linking object as if no debug info
libfbxsdk-md.lib(ArchiveReader.obj) : warning LNK4099: PDB '' was not found with 'libfbxsdk-md.lib(ArchiveReader.obj)' or at ''; linking object as if no debug info
libfbxsdk-md.lib(IData.obj) : warning LNK4099: PDB '' was not found with 'libfbxsdk-md.lib(IData.obj)' or at ''; linking object as if no debug info
libfbxsdk-md.lib(IGroup.obj) : warning LNK4099: PDB '' was not found with 'libfbxsdk-md.lib(IGroup.obj)' or at ''; linking object as if no debug info
libfbxsdk-md.lib(IArchive.cpp.obj) : warning LNK4099: PDB '' was not found with 'libfbxsdk-md.lib(IArchive.cpp.obj)' or at ''; linking object as if no debug info
libfbxsdk-md.lib(StreamManager.obj) : warning LNK4099: PDB '' was not found with 'libfbxsdk-md.lib(StreamManager.obj)' or at ''; linking object as if no debug info
libfbxsdk-md.lib(OrData.obj) : warning LNK4099: PDB '' was not found with 'libfbxsdk-md.lib(OrData.obj)' or at ''; linking object as if no debug info
libfbxsdk-md.lib(OrImpl.cpp.obj) : warning LNK4099: PDB '' was not found with 'libfbxsdk-md.lib(OrImpl.cpp.obj)' or at ''; linking object as if no debug info
libfbxsdk-md.lib(ReadUtil.obj) : warning LNK4099: PDB '' was not found with 'libfbxsdk-md.lib(ReadUtil.obj)' or at ''; linking object as if no debug info
libfbxsdk-md.lib(OrImpl.cpp.obj) : warning LNK4099: PDB '' was not found with 'libfbxsdk-md.lib(OrImpl.cpp.obj)' or at ''; linking object as if no debug info
libfbxsdk-md.lib(swapbyte.obj) : warning LNK4099: PDB '' was not found with 'libfbxsdk-md.lib(swapbyte.obj)' or at ''; linking object as if no debug info
libfbxsdk-md.lib(3dsutil.obj) : warning LNK4099: PDB '' was not found with 'libfbxsdk-md.lib(3dsutil.obj)' or at ''; linking object as if no debug info
libfbxsdk-md.lib(awOSTmpFilename.obj) : warning LNK4099: PDB '' was not found with 'libfbxsdk-md.lib(awOSTmpFilename.obj)' or at ''; linking object as if no debug info
libfbxsdk-md.lib(iff_scanlist.obj) : warning LNK4099: PDB '' was not found with 'libfbxsdk-md.lib(iff_scanlist.obj)' or at ''; linking object as if no debug info
libfbxsdk-md.lib(iff_list.obj) : warning LNK4099: PDB '' was not found with 'libfbxsdk-md.lib(iff_list.obj)' or at ''; linking object as if no debug info
libfbxsdk-md.lib(iff_nodes.obj) : warning LNK4099: PDB '' was not found with 'libfbxsdk-md.lib(iff_nodes.obj)' or at ''; linking object as if no debug info
libfbxsdk-md.lib(iff_fmemory.obj) : warning LNK4099: PDB '' was not found with 'libfbxsdk-md.lib(iff_fmemory.obj)' or at ''; linking object as if no debug info
libfbxsdk-md.lib(iff_getext.obj) : warning LNK4099: PDB '' was not found with 'libfbxsdk-md.lib(iff_getext.obj)' or at ''; linking object as if no debug info
libfbxsdk-md.lib(iff_filter.obj) : warning LNK4099: PDB '' was not found with 'libfbxsdk-md.lib(iff_filter.obj)' or at ''; linking object as if no debug info
libfbxsdk-md.lib(iff_tmpname.obj) : warning LNK4099: PDB '' was not found with 'libfbxsdk-md.lib(iff_tmpname.obj)' or at ''; linking object as if no debug info
libfbxsdk-md.lib(iff_fdwrite.obj) : warning LNK4099: PDB '' was not found with 'libfbxsdk-md.lib(iff_fdwrite.obj)' or at ''; linking object as if no debug info
libfbxsdk-md.lib(iff_findfile.obj) : warning LNK4099: PDB '' was not found with 'libfbxsdk-md.lib(iff_findfile.obj)' or at ''; linking object as if no debug info
libfbxsdk-md.lib(iff_marks.obj) : warning LNK4099: PDB '' was not found with 'libfbxsdk-md.lib(iff_marks.obj)' or at ''; linking object as if no debug info
libfbxsdk-md.lib(iff_context.obj) : warning LNK4099: PDB '' was not found with 'libfbxsdk-md.lib(iff_context.obj)' or at ''; linking object as if no debug info
libfbxsdk-md.lib(iff_wait.obj) : warning LNK4099: PDB '' was not found with 'libfbxsdk-md.lib(iff_wait.obj)' or at ''; linking object as if no debug info
libfbxsdk-md.lib(iff_setdelay.obj) : warning LNK4099: PDB '' was not found with 'libfbxsdk-md.lib(iff_setdelay.obj)' or at ''; linking object as if no debug info
libfbxsdk-md.lib(iff_flsetid.obj) : warning LNK4099: PDB '' was not found with 'libfbxsdk-md.lib(iff_flsetid.obj)' or at ''; linking object as if no debug info
libfbxsdk-md.lib(iff_filter8.obj) : warning LNK4099: PDB '' was not found with 'libfbxsdk-md.lib(iff_filter8.obj)' or at ''; linking object as if no debug info
libfbxsdk-md.lib(iff_marks8.obj) : warning LNK4099: PDB '' was not found with 'libfbxsdk-md.lib(iff_marks8.obj)' or at ''; linking object as if no debug info
libfbxsdk-md.lib(iff_context8.obj) : warning LNK4099: PDB '' was not found with 'libfbxsdk-md.lib(iff_context8.obj)' or at ''; linking object as if no debug info
libfbxsdk-md.lib(iff_flsetid8.obj) : warning LNK4099: PDB '' was not found with 'libfbxsdk-md.lib(iff_flsetid8.obj)' or at ''; linking object as if no debug info
libfbxsdk-md.lib(OStream.obj) : warning LNK4099: PDB '' was not found with 'libfbxsdk-md.lib(OStream.obj)' or at ''; linking object as if no debug info
libfbxsdk-md.lib(SpookyV2.obj) : warning LNK4099: PDB '' was not found with 'libfbxsdk-md.lib(SpookyV2.obj)' or at ''; linking object as if no debug info
libfbxsdk-md.lib(CpwData.obj) : warning LNK4099: PDB '' was not found with 'libfbxsdk-md.lib(CpwData.obj)' or at ''; linking object as if no debug info
libfbxsdk-md.lib(CpwImpl.obj) : warning LNK4099: PDB '' was not found with 'libfbxsdk-md.lib(CpwImpl.obj)' or at ''; linking object as if no debug info
libfbxsdk-md.lib(ObjectWriter.obj) : warning LNK4099: PDB '' was not found with 'libfbxsdk-md.lib(ObjectWriter.obj)' or at ''; linking object as if no debug info
libfbxsdk-md.lib(IStreams.obj) : warning LNK4099: PDB '' was not found with 'libfbxsdk-md.lib(IStreams.obj)' or at ''; linking object as if no debug info
libfbxsdk-md.lib(CprData.obj) : warning LNK4099: PDB '' was not found with 'libfbxsdk-md.lib(CprData.obj)' or at ''; linking object as if no debug info
libfbxsdk-md.lib(CprImpl.cpp.obj) : warning LNK4099: PDB '' was not found with 'libfbxsdk-md.lib(CprImpl.cpp.obj)' or at ''; linking object as if no debug info
libfbxsdk-md.lib(ObjectReader.obj) : warning LNK4099: PDB '' was not found with 'libfbxsdk-md.lib(ObjectReader.obj)' or at ''; linking object as if no debug info
libfbxsdk-md.lib(half.obj) : warning LNK4099: PDB '' was not found with 'libfbxsdk-md.lib(half.obj)' or at ''; linking object as if no debug info
libfbxsdk-md.lib(ArraySample.obj) : warning LNK4099: PDB '' was not found with 'libfbxsdk-md.lib(ArraySample.obj)' or at ''; linking object as if no debug info
libfbxsdk-md.lib(CprImpl.cpp.obj) : warning LNK4099: PDB '' was not found with 'libfbxsdk-md.lib(CprImpl.cpp.obj)' or at ''; linking object as if no debug info
libfbxsdk-md.lib(awOSFileOps.obj) : warning LNK4099: PDB '' was not found with 'libfbxsdk-md.lib(awOSFileOps.obj)' or at ''; linking object as if no debug info
libfbxsdk-md.lib(iff_exec.obj) : warning LNK4099: PDB '' was not found with 'libfbxsdk-md.lib(iff_exec.obj)' or at ''; linking object as if no debug info
libfbxsdk-md.lib(iff_flpath.obj) : warning LNK4099: PDB '' was not found with 'libfbxsdk-md.lib(iff_flpath.obj)' or at ''; linking object as if no debug info
libfbxsdk-md.lib(iff_gettype.obj) : warning LNK4099: PDB '' was not found with 'libfbxsdk-md.lib(iff_gettype.obj)' or at ''; linking object as if no debug info
libfbxsdk-md.lib(SpwImpl.obj) : warning LNK4099: PDB '' was not found with 'libfbxsdk-md.lib(SpwImpl.obj)' or at ''; linking object as if no debug info
libfbxsdk-md.lib(ApwImpl.obj) : warning LNK4099: PDB '' was not found with 'libfbxsdk-md.lib(ApwImpl.obj)' or at ''; linking object as if no debug info
libfbxsdk-md.lib(BasePropertyWriter.obj) : warning LNK4099: PDB '' was not found with 'libfbxsdk-md.lib(BasePropertyWriter.obj)' or at ''; linking object as if no debug info
libfbxsdk-md.lib(CompoundPropertyWriter.obj) : warning LNK4099: PDB '' was not found with 'libfbxsdk-md.lib(CompoundPropertyWriter.obj)' or at ''; linking object as if no debug info
libfbxsdk-md.lib(SprImpl.obj) : warning LNK4099: PDB '' was not found with 'libfbxsdk-md.lib(SprImpl.obj)' or at ''; linking object as if no debug info
libfbxsdk-md.lib(AprImpl.obj) : warning LNK4099: PDB '' was not found with 'libfbxsdk-md.lib(AprImpl.obj)' or at ''; linking object as if no debug info
libfbxsdk-md.lib(BasePropertyReader.obj) : warning LNK4099: PDB '' was not found with 'libfbxsdk-md.lib(BasePropertyReader.obj)' or at ''; linking object as if no debug info
libfbxsdk-md.lib(CompoundPropertyReader.obj) : warning LNK4099: PDB '' was not found with 'libfbxsdk-md.lib(CompoundPropertyReader.obj)' or at ''; linking object as if no debug info
libfbxsdk-md.lib(Murmur3.obj) : warning LNK4099: PDB '' was not found with 'libfbxsdk-md.lib(Murmur3.obj)' or at ''; linking object as if no debug info
libfbxsdk-md.lib(iff_work.obj) : warning LNK4099: PDB '' was not found with 'libfbxsdk-md.lib(iff_work.obj)' or at ''; linking object as if no debug info
libfbxsdk-md.lib(ScalarPropertyWriter.obj) : warning LNK4099: PDB '' was not found with 'libfbxsdk-md.lib(ScalarPropertyWriter.obj)' or at ''; linking object as if no debug info
libfbxsdk-md.lib(ArrayPropertyWriter.obj) : warning LNK4099: PDB '' was not found with 'libfbxsdk-md.lib(ArrayPropertyWriter.obj)' or at ''; linking object as if no debug info
libfbxsdk-md.lib(ScalarPropertyReader.obj) : warning LNK4099: PDB '' was not found with 'libfbxsdk-md.lib(ScalarPropertyReader.obj)' or at ''; linking object as if no debug info
libfbxsdk-md.lib(ArrayPropertyReader.obj) : warning LNK4099: PDB '' was not found with 'libfbxsdk-md.lib(ArrayPropertyReader.obj)' or at ''; linking object as if no debug info
zlib-md.lib(adler32.obj) : warning LNK4099: PDB '' was not found with 'zlib-md.lib(adler32.obj)' or at ''; linking object as if no debug info
zlib-md.lib(deflate.obj) : warning LNK4099: PDB '' was not found with 'zlib-md.lib(deflate.obj)' or at ''; linking object as if no debug info
zlib-md.lib(inflate.obj) : warning LNK4099: PDB '' was not found with 'zlib-md.lib(inflate.obj)' or at ''; linking object as if no debug info
zlib-md.lib(crc32.obj) : warning LNK4099: PDB '' was not found with 'zlib-md.lib(crc32.obj)' or at ''; linking object as if no debug info
zlib-md.lib(zutil.obj) : warning LNK4099: PDB '' was not found with 'zlib-md.lib(zutil.obj)' or at ''; linking object as if no debug info
zlib-md.lib(trees.obj) : warning LNK4099: PDB '' was not found with 'zlib-md.lib(trees.obj)' or at ''; linking object as if no debug info
zlib-md.lib(inftrees.obj) : warning LNK4099: PDB '' was not found with 'zlib-md.lib(inftrees.obj)' or at ''; linking object as if no debug info
zlib-md.lib(inffast.obj) : warning LNK4099: PDB '' was not found with 'zlib-md.lib(inffast.obj)' or at ''; linking object as if no debug info
libxml2-md.lib(parser.obj) : warning LNK4099: PDB '' was not found with 'libxml2-md.lib(parser.obj)' or at ''; linking object as if no debug info
libxml2-md.lib(xmlstring.obj) : warning LNK4099: PDB '' was not found with 'libxml2-md.lib(xmlstring.obj)' or at ''; linking object as if no debug info
libxml2-md.lib(tree.obj) : warning LNK4099: PDB '' was not found with 'libxml2-md.lib(tree.obj)' or at ''; linking object as if no debug info
libxml2-md.lib(xmlsave.obj) : warning LNK4099: PDB '' was not found with 'libxml2-md.lib(xmlsave.obj)' or at ''; linking object as if no debug info
libxml2-md.lib(globals.obj) : warning LNK4099: PDB '' was not found with 'libxml2-md.lib(globals.obj)' or at ''; linking object as if no debug info
libxml2-md.lib(entities.obj) : warning LNK4099: PDB '' was not found with 'libxml2-md.lib(entities.obj)' or at ''; linking object as if no debug info
libxml2-md.lib(xmlIO.obj) : warning LNK4099: PDB '' was not found with 'libxml2-md.lib(xmlIO.obj)' or at ''; linking object as if no debug info
libxml2-md.lib(xmlmemory.obj) : warning LNK4099: PDB '' was not found with 'libxml2-md.lib(xmlmemory.obj)' or at ''; linking object as if no debug info
libxml2-md.lib(buf.obj) : warning LNK4099: PDB '' was not found with 'libxml2-md.lib(buf.obj)' or at ''; linking object as if no debug info
libxml2-md.lib(dict.obj) : warning LNK4099: PDB '' was not found with 'libxml2-md.lib(dict.obj)' or at ''; linking object as if no debug info
libxml2-md.lib(hash.obj) : warning LNK4099: PDB '' was not found with 'libxml2-md.lib(hash.obj)' or at ''; linking object as if no debug info
libxml2-md.lib(error.obj) : warning LNK4099: PDB '' was not found with 'libxml2-md.lib(error.obj)' or at ''; linking object as if no debug info
libxml2-md.lib(valid.obj) : warning LNK4099: PDB '' was not found with 'libxml2-md.lib(valid.obj)' or at ''; linking object as if no debug info
libxml2-md.lib(encoding.obj) : warning LNK4099: PDB '' was not found with 'libxml2-md.lib(encoding.obj)' or at ''; linking object as if no debug info
libxml2-md.lib(parserInternals.obj) : warning LNK4099: PDB '' was not found with 'libxml2-md.lib(parserInternals.obj)' or at ''; linking object as if no debug info
libxml2-md.lib(SAX2.obj) : warning LNK4099: PDB '' was not found with 'libxml2-md.lib(SAX2.obj)' or at ''; linking object as if no debug info
libxml2-md.lib(threads.obj) : warning LNK4099: PDB '' was not found with 'libxml2-md.lib(threads.obj)' or at ''; linking object as if no debug info
libxml2-md.lib(chvalid.obj) : warning LNK4099: PDB '' was not found with 'libxml2-md.lib(chvalid.obj)' or at ''; linking object as if no debug info
libxml2-md.lib(uri.obj) : warning LNK4099: PDB '' was not found with 'libxml2-md.lib(uri.obj)' or at ''; linking object as if no debug info
libxml2-md.lib(xmlschemastypes.obj) : warning LNK4099: PDB '' was not found with 'libxml2-md.lib(xmlschemastypes.obj)' or at ''; linking object as if no debug info
libxml2-md.lib(relaxng.obj) : warning LNK4099: PDB '' was not found with 'libxml2-md.lib(relaxng.obj)' or at ''; linking object as if no debug info
libxml2-md.lib(xpath.obj) : warning LNK4099: PDB '' was not found with 'libxml2-md.lib(xpath.obj)' or at ''; linking object as if no debug info
libxml2-md.lib(xmlregexp.obj) : warning LNK4099: PDB '' was not found with 'libxml2-md.lib(xmlregexp.obj)' or at ''; linking object as if no debug info
libxml2-md.lib(list.obj) : warning LNK4099: PDB '' was not found with 'libxml2-md.lib(list.obj)' or at ''; linking object as if no debug info
libxml2-md.lib(xmlschemas.obj) : warning LNK4099: PDB '' was not found with 'libxml2-md.lib(xmlschemas.obj)' or at ''; linking object as if no debug info
libxml2-md.lib(xpointer.obj) : warning LNK4099: PDB '' was not found with 'libxml2-md.lib(xpointer.obj)' or at ''; linking object as if no debug info
libxml2-md.lib(pattern.obj) : warning LNK4099: PDB '' was not found with 'libxml2-md.lib(pattern.obj)' or at ''; linking object as if no debug info
libxml2-md.lib(xmlunicode.obj) : warning LNK4099: PDB '' was not found with 'libxml2-md.lib(xmlunicode.obj)' or at ''; linking object as if no debug info
libxml2-md.lib(xmlreader.obj) : warning LNK4099: PDB '' was not found with 'libxml2-md.lib(xmlreader.obj)' or at ''; linking object as if no debug info
libxml2-md.lib(xinclude.obj) : warning LNK4099: PDB '' was not found with 'libxml2-md.lib(xinclude.obj)' or at ''; linking object as if no debug info
LINK : warning LNK4199: /DELAYLOAD:libfbxsdk.dll ignored; no imports found from libfbxsdk.dll
  DX_Training.vcxproj -> D:\DX12_Training\x64\Debug\DX12Lib.exe
  D:\DX12_Training\DX_Training\Resources\RenderPipeline.blend
  D:\DX12_Training\DX_Training\Resources\RenderPipeline.depth
  D:\DX12_Training\DX_Training\Resources\RenderPipeline.raster
  D:\DX12_Training\DX_Training\Resources\RenderPipeline.tech
  4 File(s) copied
